<?xml version="1.0" encoding="UTF-8"?>
<testng-results ignored="0" total="36" passed="36" failed="0" skipped="0">
  <reporter-output>
  </reporter-output>
  <suite started-at="2026-02-12T16:37:24 IST" name="Surefire suite" finished-at="2026-02-12T16:53:02 IST" duration-ms="937981">
    <groups>
      <group name="cucumber">
        <method signature="AbstractTestNGCucumberTests.runScenario(io.cucumber.testng.PickleWrapper,io.cucumber.testng.FeatureWrapper)[pri:0, instance:runners.TestRunner@79ca92b9]" name="runScenario" class="io.cucumber.testng.AbstractTestNGCucumberTests"/>
      </group> <!-- cucumber -->
    </groups>
    <test started-at="2026-02-12T16:37:24 IST" name="Surefire test" finished-at="2026-02-12T16:53:02 IST" duration-ms="937981">
      <class name="runners.TestRunner">
        <test-method is-config="true" signature="setUpClass(org.testng.ITestContext)[pri:0, instance:runners.TestRunner@79ca92b9]" started-at="2026-02-12T16:37:24 IST" name="setUpClass" finished-at="2026-02-12T16:37:26 IST" duration-ms="1538" status="PASS">
          <params>
            <param index="0">
              <value>
                <![CDATA[org.testng.TestRunner@b027acf]]>
              </value>
            </param>
          </params>
          <reporter-output>
          </reporter-output>
        </test-method> <!-- setUpClass -->
        <test-method signature="runScenario(io.cucumber.testng.PickleWrapper,io.cucumber.testng.FeatureWrapper)[pri:0, instance:runners.TestRunner@79ca92b9]" started-at="2026-02-12T16:37:26 IST" name="runScenario" description="Runs Cucumber Scenarios" data-provider="scenarios" finished-at="2026-02-12T16:37:34 IST" duration-ms="8403" status="PASS">
          <params>
            <param index="0">
              <value>
                <![CDATA["Test 1 - Verify home page title"]]>
              </value>
            </param>
            <param index="1">
              <value>
                <![CDATA["Home Page Tests"]]>
              </value>
            </param>
          </params>
          <reporter-output>
          </reporter-output>
        </test-method> <!-- runScenario -->
        <test-method signature="runScenario(io.cucumber.testng.PickleWrapper,io.cucumber.testng.FeatureWrapper)[pri:0, instance:runners.TestRunner@79ca92b9]" started-at="2026-02-12T16:37:34 IST" name="runScenario" description="Runs Cucumber Scenarios" data-provider="scenarios" finished-at="2026-02-12T16:37:42 IST" duration-ms="8013" status="PASS">
          <params>
            <param index="0">
              <value>
                <![CDATA["Test 2 - Close login popup"]]>
              </value>
            </param>
            <param index="1">
              <value>
                <![CDATA["Home Page Tests"]]>
              </value>
            </param>
          </params>
          <reporter-output>
          </reporter-output>
        </test-method> <!-- runScenario -->
        <test-method signature="runScenario(io.cucumber.testng.PickleWrapper,io.cucumber.testng.FeatureWrapper)[pri:0, instance:runners.TestRunner@79ca92b9]" started-at="2026-02-12T16:37:42 IST" name="runScenario" description="Runs Cucumber Scenarios" data-provider="scenarios" finished-at="2026-02-12T16:37:49 IST" duration-ms="7219" status="PASS">
          <params>
            <param index="0">
              <value>
                <![CDATA["Test 3 - Verify navigation tabs are displayed"]]>
              </value>
            </param>
            <param index="1">
              <value>
                <![CDATA["Home Page Tests"]]>
              </value>
            </param>
          </params>
          <reporter-output>
          </reporter-output>
        </test-method> <!-- runScenario -->
        <test-method signature="runScenario(io.cucumber.testng.PickleWrapper,io.cucumber.testng.FeatureWrapper)[pri:0, instance:runners.TestRunner@79ca92b9]" started-at="2026-02-12T16:37:49 IST" name="runScenario" description="Runs Cucumber Scenarios" data-provider="scenarios" finished-at="2026-02-12T16:37:56 IST" duration-ms="6868" status="PASS">
          <params>
            <param index="0">
              <value>
                <![CDATA["Test 4 - Verify flight search fields are displayed"]]>
              </value>
            </param>
            <param index="1">
              <value>
                <![CDATA["Home Page Tests"]]>
              </value>
            </param>
          </params>
          <reporter-output>
          </reporter-output>
        </test-method> <!-- runScenario -->
        <test-method signature="runScenario(io.cucumber.testng.PickleWrapper,io.cucumber.testng.FeatureWrapper)[pri:0, instance:runners.TestRunner@79ca92b9]" started-at="2026-02-12T16:37:56 IST" name="runScenario" description="Runs Cucumber Scenarios" data-provider="scenarios" finished-at="2026-02-12T16:38:03 IST" duration-ms="6529" status="PASS">
          <params>
            <param index="0">
              <value>
                <![CDATA["Test 5 - Verify departure date picker is displayed"]]>
              </value>
            </param>
            <param index="1">
              <value>
                <![CDATA["Home Page Tests"]]>
              </value>
            </param>
          </params>
          <reporter-output>
          </reporter-output>
        </test-method> <!-- runScenario -->
        <test-method signature="runScenario(io.cucumber.testng.PickleWrapper,io.cucumber.testng.FeatureWrapper)[pri:0, instance:runners.TestRunner@79ca92b9]" started-at="2026-02-12T16:38:03 IST" name="runScenario" description="Runs Cucumber Scenarios" data-provider="scenarios" finished-at="2026-02-12T16:38:11 IST" duration-ms="7791" status="PASS">
          <params>
            <param index="0">
              <value>
                <![CDATA["Test 11 - Navigate to hotels section"]]>
              </value>
            </param>
            <param index="1">
              <value>
                <![CDATA["Hotel Search Tests"]]>
              </value>
            </param>
          </params>
          <reporter-output>
          </reporter-output>
        </test-method> <!-- runScenario -->
        <test-method signature="runScenario(io.cucumber.testng.PickleWrapper,io.cucumber.testng.FeatureWrapper)[pri:0, instance:runners.TestRunner@79ca92b9]" started-at="2026-02-12T16:38:11 IST" name="runScenario" description="Runs Cucumber Scenarios" data-provider="scenarios" finished-at="2026-02-12T16:38:53 IST" duration-ms="42377" status="PASS">
          <params>
            <param index="0">
              <value>
                <![CDATA["Test 12 - Search hotels with valid details"]]>
              </value>
            </param>
            <param index="1">
              <value>
                <![CDATA["Hotel Search Tests"]]>
              </value>
            </param>
          </params>
          <reporter-output>
          </reporter-output>
        </test-method> <!-- runScenario -->
        <test-method signature="runScenario(io.cucumber.testng.PickleWrapper,io.cucumber.testng.FeatureWrapper)[pri:0, instance:runners.TestRunner@79ca92b9]" started-at="2026-02-12T16:38:53 IST" name="runScenario" description="Runs Cucumber Scenarios" data-provider="scenarios" finished-at="2026-02-12T16:39:14 IST" duration-ms="20757" status="PASS">
          <params>
            <param index="0">
              <value>
                <![CDATA["Test 13 - Search hotels without dates"]]>
              </value>
            </param>
            <param index="1">
              <value>
                <![CDATA["Hotel Search Tests"]]>
              </value>
            </param>
          </params>
          <reporter-output>
          </reporter-output>
        </test-method> <!-- runScenario -->
        <test-method signature="runScenario(io.cucumber.testng.PickleWrapper,io.cucumber.testng.FeatureWrapper)[pri:0, instance:runners.TestRunner@79ca92b9]" started-at="2026-02-12T16:39:14 IST" name="runScenario" description="Runs Cucumber Scenarios" data-provider="scenarios" finished-at="2026-02-12T16:39:54 IST" duration-ms="40429" status="PASS">
          <params>
            <param index="0">
              <value>
                <![CDATA["Test 14 - Verify hotel results page"]]>
              </value>
            </param>
            <param index="1">
              <value>
                <![CDATA["Hotel Search Tests"]]>
              </value>
            </param>
          </params>
          <reporter-output>
          </reporter-output>
        </test-method> <!-- runScenario -->
        <test-method signature="runScenario(io.cucumber.testng.PickleWrapper,io.cucumber.testng.FeatureWrapper)[pri:0, instance:runners.TestRunner@79ca92b9]" started-at="2026-02-12T16:39:54 IST" name="runScenario" description="Runs Cucumber Scenarios" data-provider="scenarios" finished-at="2026-02-12T16:40:35 IST" duration-ms="40654" status="PASS">
          <params>
            <param index="0">
              <value>
                <![CDATA["Test - Search hotels in different cities"]]>
              </value>
            </param>
            <param index="1">
              <value>
                <![CDATA["Hotel Search Tests"]]>
              </value>
            </param>
          </params>
          <reporter-output>
          </reporter-output>
        </test-method> <!-- runScenario -->
        <test-method signature="runScenario(io.cucumber.testng.PickleWrapper,io.cucumber.testng.FeatureWrapper)[pri:0, instance:runners.TestRunner@79ca92b9]" started-at="2026-02-12T16:40:35 IST" name="runScenario" description="Runs Cucumber Scenarios" data-provider="scenarios" finished-at="2026-02-12T16:41:14 IST" duration-ms="39346" status="PASS">
          <params>
            <param index="0">
              <value>
                <![CDATA["Test - Search hotels in different cities"]]>
              </value>
            </param>
            <param index="1">
              <value>
                <![CDATA["Hotel Search Tests"]]>
              </value>
            </param>
          </params>
          <reporter-output>
          </reporter-output>
        </test-method> <!-- runScenario -->
        <test-method signature="runScenario(io.cucumber.testng.PickleWrapper,io.cucumber.testng.FeatureWrapper)[pri:0, instance:runners.TestRunner@79ca92b9]" started-at="2026-02-12T16:41:14 IST" name="runScenario" description="Runs Cucumber Scenarios" data-provider="scenarios" finished-at="2026-02-12T16:41:21 IST" duration-ms="7155" status="PASS">
          <params>
            <param index="0">
              <value>
                <![CDATA["Test 15 - Navigate to trains section"]]>
              </value>
            </param>
            <param index="1">
              <value>
                <![CDATA["Train Search Tests"]]>
              </value>
            </param>
          </params>
          <reporter-output>
          </reporter-output>
        </test-method> <!-- runScenario -->
        <test-method signature="runScenario(io.cucumber.testng.PickleWrapper,io.cucumber.testng.FeatureWrapper)[pri:0, instance:runners.TestRunner@79ca92b9]" started-at="2026-02-12T16:41:21 IST" name="runScenario" description="Runs Cucumber Scenarios" data-provider="scenarios" finished-at="2026-02-12T16:42:12 IST" duration-ms="51218" status="PASS">
          <params>
            <param index="0">
              <value>
                <![CDATA["Test 16 - Search trains with valid stations and date"]]>
              </value>
            </param>
            <param index="1">
              <value>
                <![CDATA["Train Search Tests"]]>
              </value>
            </param>
          </params>
          <reporter-output>
          </reporter-output>
        </test-method> <!-- runScenario -->
        <test-method signature="runScenario(io.cucumber.testng.PickleWrapper,io.cucumber.testng.FeatureWrapper)[pri:0, instance:runners.TestRunner@79ca92b9]" started-at="2026-02-12T16:42:12 IST" name="runScenario" description="Runs Cucumber Scenarios" data-provider="scenarios" finished-at="2026-02-12T16:43:04 IST" duration-ms="51554" status="PASS">
          <params>
            <param index="0">
              <value>
                <![CDATA["Test 17 - Search trains without selecting date"]]>
              </value>
            </param>
            <param index="1">
              <value>
                <![CDATA["Train Search Tests"]]>
              </value>
            </param>
          </params>
          <reporter-output>
          </reporter-output>
        </test-method> <!-- runScenario -->
        <test-method signature="runScenario(io.cucumber.testng.PickleWrapper,io.cucumber.testng.FeatureWrapper)[pri:0, instance:runners.TestRunner@79ca92b9]" started-at="2026-02-12T16:43:04 IST" name="runScenario" description="Runs Cucumber Scenarios" data-provider="scenarios" finished-at="2026-02-12T16:43:57 IST" duration-ms="53280" status="PASS">
          <params>
            <param index="0">
              <value>
                <![CDATA["Test 18 - Verify train results page"]]>
              </value>
            </param>
            <param index="1">
              <value>
                <![CDATA["Train Search Tests"]]>
              </value>
            </param>
          </params>
          <reporter-output>
          </reporter-output>
        </test-method> <!-- runScenario -->
        <test-method signature="runScenario(io.cucumber.testng.PickleWrapper,io.cucumber.testng.FeatureWrapper)[pri:0, instance:runners.TestRunner@79ca92b9]" started-at="2026-02-12T16:43:57 IST" name="runScenario" description="Runs Cucumber Scenarios" data-provider="scenarios" finished-at="2026-02-12T16:44:48 IST" duration-ms="50747" status="PASS">
          <params>
            <param index="0">
              <value>
                <![CDATA["Test 19 - Search trains for different routes"]]>
              </value>
            </param>
            <param index="1">
              <value>
                <![CDATA["Train Search Tests"]]>
              </value>
            </param>
          </params>
          <reporter-output>
          </reporter-output>
        </test-method> <!-- runScenario -->
        <test-method signature="runScenario(io.cucumber.testng.PickleWrapper,io.cucumber.testng.FeatureWrapper)[pri:0, instance:runners.TestRunner@79ca92b9]" started-at="2026-02-12T16:44:48 IST" name="runScenario" description="Runs Cucumber Scenarios" data-provider="scenarios" finished-at="2026-02-12T16:45:39 IST" duration-ms="50842" status="PASS">
          <params>
            <param index="0">
              <value>
                <![CDATA["Test 19 - Search trains for different routes"]]>
              </value>
            </param>
            <param index="1">
              <value>
                <![CDATA["Train Search Tests"]]>
              </value>
            </param>
          </params>
          <reporter-output>
          </reporter-output>
        </test-method> <!-- runScenario -->
        <test-method signature="runScenario(io.cucumber.testng.PickleWrapper,io.cucumber.testng.FeatureWrapper)[pri:0, instance:runners.TestRunner@79ca92b9]" started-at="2026-02-12T16:45:39 IST" name="runScenario" description="Runs Cucumber Scenarios" data-provider="scenarios" finished-at="2026-02-12T16:45:57 IST" duration-ms="18222" status="PASS">
          <params>
            <param index="0">
              <value>
                <![CDATA["Test 6 - Search flights with valid cities"]]>
              </value>
            </param>
            <param index="1">
              <value>
                <![CDATA["Flight Search Tests"]]>
              </value>
            </param>
          </params>
          <reporter-output>
          </reporter-output>
        </test-method> <!-- runScenario -->
        <test-method signature="runScenario(io.cucumber.testng.PickleWrapper,io.cucumber.testng.FeatureWrapper)[pri:0, instance:runners.TestRunner@79ca92b9]" started-at="2026-02-12T16:45:57 IST" name="runScenario" description="Runs Cucumber Scenarios" data-provider="scenarios" finished-at="2026-02-12T16:46:12 IST" duration-ms="14803" status="PASS">
          <params>
            <param index="0">
              <value>
                <![CDATA["Test 7 - Search flights with same source and destination"]]>
              </value>
            </param>
            <param index="1">
              <value>
                <![CDATA["Flight Search Tests"]]>
              </value>
            </param>
          </params>
          <reporter-output>
          </reporter-output>
        </test-method> <!-- runScenario -->
        <test-method signature="runScenario(io.cucumber.testng.PickleWrapper,io.cucumber.testng.FeatureWrapper)[pri:0, instance:runners.TestRunner@79ca92b9]" started-at="2026-02-12T16:46:12 IST" name="runScenario" description="Runs Cucumber Scenarios" data-provider="scenarios" finished-at="2026-02-12T16:46:29 IST" duration-ms="17351" status="PASS">
          <params>
            <param index="0">
              <value>
                <![CDATA["Test 8 - Search flights without selecting date"]]>
              </value>
            </param>
            <param index="1">
              <value>
                <![CDATA["Flight Search Tests"]]>
              </value>
            </param>
          </params>
          <reporter-output>
          </reporter-output>
        </test-method> <!-- runScenario -->
        <test-method signature="runScenario(io.cucumber.testng.PickleWrapper,io.cucumber.testng.FeatureWrapper)[pri:0, instance:runners.TestRunner@79ca92b9]" started-at="2026-02-12T16:46:29 IST" name="runScenario" description="Runs Cucumber Scenarios" data-provider="scenarios" finished-at="2026-02-12T16:46:49 IST" duration-ms="19363" status="PASS">
          <params>
            <param index="0">
              <value>
                <![CDATA["Test 9 - Verify flight results page URL"]]>
              </value>
            </param>
            <param index="1">
              <value>
                <![CDATA["Flight Search Tests"]]>
              </value>
            </param>
          </params>
          <reporter-output>
          </reporter-output>
        </test-method> <!-- runScenario -->
        <test-method signature="runScenario(io.cucumber.testng.PickleWrapper,io.cucumber.testng.FeatureWrapper)[pri:0, instance:runners.TestRunner@79ca92b9]" started-at="2026-02-12T16:46:49 IST" name="runScenario" description="Runs Cucumber Scenarios" data-provider="scenarios" finished-at="2026-02-12T16:47:03 IST" duration-ms="14314" status="PASS">
          <params>
            <param index="0">
              <value>
                <![CDATA["Test 10 - Verify flight list is displayed"]]>
              </value>
            </param>
            <param index="1">
              <value>
                <![CDATA["Flight Search Tests"]]>
              </value>
            </param>
          </params>
          <reporter-output>
          </reporter-output>
        </test-method> <!-- runScenario -->
        <test-method signature="runScenario(io.cucumber.testng.PickleWrapper,io.cucumber.testng.FeatureWrapper)[pri:0, instance:runners.TestRunner@79ca92b9]" started-at="2026-02-12T16:47:03 IST" name="runScenario" description="Runs Cucumber Scenarios" data-provider="scenarios" finished-at="2026-02-12T16:47:16 IST" duration-ms="13451" status="PASS">
          <params>
            <param index="0">
              <value>
                <![CDATA["Test - Search flights to multiple destinations"]]>
              </value>
            </param>
            <param index="1">
              <value>
                <![CDATA["Flight Search Tests"]]>
              </value>
            </param>
          </params>
          <reporter-output>
          </reporter-output>
        </test-method> <!-- runScenario -->
        <test-method signature="runScenario(io.cucumber.testng.PickleWrapper,io.cucumber.testng.FeatureWrapper)[pri:0, instance:runners.TestRunner@79ca92b9]" started-at="2026-02-12T16:47:16 IST" name="runScenario" description="Runs Cucumber Scenarios" data-provider="scenarios" finished-at="2026-02-12T16:47:30 IST" duration-ms="13491" status="PASS">
          <params>
            <param index="0">
              <value>
                <![CDATA["Test - Search flights to multiple destinations"]]>
              </value>
            </param>
            <param index="1">
              <value>
                <![CDATA["Flight Search Tests"]]>
              </value>
            </param>
          </params>
          <reporter-output>
          </reporter-output>
        </test-method> <!-- runScenario -->
        <test-method signature="runScenario(io.cucumber.testng.PickleWrapper,io.cucumber.testng.FeatureWrapper)[pri:0, instance:runners.TestRunner@79ca92b9]" started-at="2026-02-12T16:47:30 IST" name="runScenario" description="Runs Cucumber Scenarios" data-provider="scenarios" finished-at="2026-02-12T16:47:38 IST" duration-ms="8085" status="PASS">
          <params>
            <param index="0">
              <value>
                <![CDATA["Test 19 - Navigate between different modules"]]>
              </value>
            </param>
            <param index="1">
              <value>
                <![CDATA["Navigation Tests"]]>
              </value>
            </param>
          </params>
          <reporter-output>
          </reporter-output>
        </test-method> <!-- runScenario -->
        <test-method signature="runScenario(io.cucumber.testng.PickleWrapper,io.cucumber.testng.FeatureWrapper)[pri:0, instance:runners.TestRunner@79ca92b9]" started-at="2026-02-12T16:47:38 IST" name="runScenario" description="Runs Cucumber Scenarios" data-provider="scenarios" finished-at="2026-02-12T16:47:46 IST" duration-ms="7974" status="PASS">
          <params>
            <param index="0">
              <value>
                <![CDATA["Test 20 - Navigate from Flights to Hotels"]]>
              </value>
            </param>
            <param index="1">
              <value>
                <![CDATA["Navigation Tests"]]>
              </value>
            </param>
          </params>
          <reporter-output>
          </reporter-output>
        </test-method> <!-- runScenario -->
        <test-method signature="runScenario(io.cucumber.testng.PickleWrapper,io.cucumber.testng.FeatureWrapper)[pri:0, instance:runners.TestRunner@79ca92b9]" started-at="2026-02-12T16:47:46 IST" name="runScenario" description="Runs Cucumber Scenarios" data-provider="scenarios" finished-at="2026-02-12T16:47:54 IST" duration-ms="8379" status="PASS">
          <params>
            <param index="0">
              <value>
                <![CDATA["Test 21 - Navigate from Hotels to Trains"]]>
              </value>
            </param>
            <param index="1">
              <value>
                <![CDATA["Navigation Tests"]]>
              </value>
            </param>
          </params>
          <reporter-output>
          </reporter-output>
        </test-method> <!-- runScenario -->
        <test-method signature="runScenario(io.cucumber.testng.PickleWrapper,io.cucumber.testng.FeatureWrapper)[pri:0, instance:runners.TestRunner@79ca92b9]" started-at="2026-02-12T16:47:54 IST" name="runScenario" description="Runs Cucumber Scenarios" data-provider="scenarios" finished-at="2026-02-12T16:48:28 IST" duration-ms="33566" status="PASS">
          <params>
            <param index="0">
              <value>
                <![CDATA["Test 27 - Apply price filter on flight results"]]>
              </value>
            </param>
            <param index="1">
              <value>
                <![CDATA["Filters and Sorting Tests"]]>
              </value>
            </param>
          </params>
          <reporter-output>
          </reporter-output>
        </test-method> <!-- runScenario -->
        <test-method signature="runScenario(io.cucumber.testng.PickleWrapper,io.cucumber.testng.FeatureWrapper)[pri:0, instance:runners.TestRunner@79ca92b9]" started-at="2026-02-12T16:48:28 IST" name="runScenario" description="Runs Cucumber Scenarios" data-provider="scenarios" finished-at="2026-02-12T16:49:29 IST" duration-ms="60773" status="PASS">
          <params>
            <param index="0">
              <value>
                <![CDATA["Test 28 - Apply rating filter on hotel results"]]>
              </value>
            </param>
            <param index="1">
              <value>
                <![CDATA["Filters and Sorting Tests"]]>
              </value>
            </param>
          </params>
          <reporter-output>
          </reporter-output>
        </test-method> <!-- runScenario -->
        <test-method signature="runScenario(io.cucumber.testng.PickleWrapper,io.cucumber.testng.FeatureWrapper)[pri:0, instance:runners.TestRunner@79ca92b9]" started-at="2026-02-12T16:49:29 IST" name="runScenario" description="Runs Cucumber Scenarios" data-provider="scenarios" finished-at="2026-02-12T16:50:04 IST" duration-ms="34819" status="PASS">
          <params>
            <param index="0">
              <value>
                <![CDATA["Test 29 - Sort flight results by price"]]>
              </value>
            </param>
            <param index="1">
              <value>
                <![CDATA["Filters and Sorting Tests"]]>
              </value>
            </param>
          </params>
          <reporter-output>
          </reporter-output>
        </test-method> <!-- runScenario -->
        <test-method signature="runScenario(io.cucumber.testng.PickleWrapper,io.cucumber.testng.FeatureWrapper)[pri:0, instance:runners.TestRunner@79ca92b9]" started-at="2026-02-12T16:50:04 IST" name="runScenario" description="Runs Cucumber Scenarios" data-provider="scenarios" finished-at="2026-02-12T16:50:58 IST" duration-ms="54371" status="PASS">
          <params>
            <param index="0">
              <value>
                <![CDATA["Test 30 - Clear all applied filters"]]>
              </value>
            </param>
            <param index="1">
              <value>
                <![CDATA["Filters and Sorting Tests"]]>
              </value>
            </param>
          </params>
          <reporter-output>
          </reporter-output>
        </test-method> <!-- runScenario -->
        <test-method signature="runScenario(io.cucumber.testng.PickleWrapper,io.cucumber.testng.FeatureWrapper)[pri:0, instance:runners.TestRunner@79ca92b9]" started-at="2026-02-12T16:50:58 IST" name="runScenario" description="Runs Cucumber Scenarios" data-provider="scenarios" finished-at="2026-02-12T16:51:51 IST" duration-ms="53355" status="PASS">
          <params>
            <param index="0">
              <value>
                <![CDATA["Test 31 - Apply multiple filters on flight results"]]>
              </value>
            </param>
            <param index="1">
              <value>
                <![CDATA["Filters and Sorting Tests"]]>
              </value>
            </param>
          </params>
          <reporter-output>
          </reporter-output>
        </test-method> <!-- runScenario -->
        <test-method signature="runScenario(io.cucumber.testng.PickleWrapper,io.cucumber.testng.FeatureWrapper)[pri:0, instance:runners.TestRunner@79ca92b9]" started-at="2026-02-12T16:51:51 IST" name="runScenario" description="Runs Cucumber Scenarios" data-provider="scenarios" finished-at="2026-02-12T16:52:04 IST" duration-ms="12648" status="PASS">
          <params>
            <param index="0">
              <value>
                <![CDATA["Test 23 - Verify flight results are displayed"]]>
              </value>
            </param>
            <param index="1">
              <value>
                <![CDATA["Flight Results Page Tests"]]>
              </value>
            </param>
          </params>
          <reporter-output>
          </reporter-output>
        </test-method> <!-- runScenario -->
        <test-method signature="runScenario(io.cucumber.testng.PickleWrapper,io.cucumber.testng.FeatureWrapper)[pri:0, instance:runners.TestRunner@79ca92b9]" started-at="2026-02-12T16:52:04 IST" name="runScenario" description="Runs Cucumber Scenarios" data-provider="scenarios" finished-at="2026-02-12T16:52:38 IST" duration-ms="34149" status="PASS">
          <params>
            <param index="0">
              <value>
                <![CDATA["Test 24 - Open flight details page"]]>
              </value>
            </param>
            <param index="1">
              <value>
                <![CDATA["Flight Results Page Tests"]]>
              </value>
            </param>
          </params>
          <reporter-output>
          </reporter-output>
        </test-method> <!-- runScenario -->
        <test-method signature="runScenario(io.cucumber.testng.PickleWrapper,io.cucumber.testng.FeatureWrapper)[pri:0, instance:runners.TestRunner@79ca92b9]" started-at="2026-02-12T16:52:38 IST" name="runScenario" description="Runs Cucumber Scenarios" data-provider="scenarios" finished-at="2026-02-12T16:52:50 IST" duration-ms="11868" status="PASS">
          <params>
            <param index="0">
              <value>
                <![CDATA["Test 25 - Verify fare details are displayed"]]>
              </value>
            </param>
            <param index="1">
              <value>
                <![CDATA["Flight Results Page Tests"]]>
              </value>
            </param>
          </params>
          <reporter-output>
          </reporter-output>
        </test-method> <!-- runScenario -->
        <test-method signature="runScenario(io.cucumber.testng.PickleWrapper,io.cucumber.testng.FeatureWrapper)[pri:0, instance:runners.TestRunner@79ca92b9]" started-at="2026-02-12T16:52:50 IST" name="runScenario" description="Runs Cucumber Scenarios" data-provider="scenarios" finished-at="2026-02-12T16:53:02 IST" duration-ms="11958" status="PASS">
          <params>
            <param index="0">
              <value>
                <![CDATA["Test 26 - Verify results page URL contains flight"]]>
              </value>
            </param>
            <param index="1">
              <value>
                <![CDATA["Flight Results Page Tests"]]>
              </value>
            </param>
          </params>
          <reporter-output>
          </reporter-output>
        </test-method> <!-- runScenario -->
        <test-method is-config="true" signature="tearDownClass()[pri:0, instance:runners.TestRunner@79ca92b9]" started-at="2026-02-12T16:53:02 IST" name="tearDownClass" finished-at="2026-02-12T16:53:02 IST" duration-ms="185" status="PASS">
          <reporter-output>
          </reporter-output>
        </test-method> <!-- tearDownClass -->
      </class> <!-- runners.TestRunner -->
    </test> <!-- Surefire test -->
  </suite> <!-- Surefire suite -->
</testng-results>
