<?xml version="1.0" encoding="UTF-8"?>
<testsuite xmlns:xsi="http://www.w3.org/2001/XMLSchema-instance" xsi:noNamespaceSchemaLocation="https://maven.apache.org/surefire/maven-surefire-plugin/xsd/surefire-test-report-3.0.xsd" version="3.0" name="runners.TestRunner" time="938.996" tests="36" errors="0" skipped="0" failures="0">
  <properties>
[...]
</properties>
  <testcase name="runScenario[&quot;Test 1 - Verify home page title&quot;, &quot;Home Page Tests&quot;](1)" classname="runners.TestRunner" time="8.407">
    <system-out><![CDATA[
Scenario: Test 1 - Verify home page title # src/test/resources/feature/1home.feature:6
Website opened: https://www.makemytrip.com/
  ✔ Given Open website "chrome"           # cucu.Cucutest.open_website(java.lang.String)
Title verified: MakeMyTrip - #1 Travel Website 50% OFF on Hotels, Flights & Holiday
  ✔ Then Title contains "MakeMyTrip"      # cucu.Cucutest.title_contains(java.lang.String)
Driver closed successfully
]]></system-out>
    <system-err><![CDATA[SLF4J(W): No SLF4J providers were found.
SLF4J(W): Defaulting to no-operation (NOP) logger implementation
SLF4J(W): See https://www.slf4j.org/codes.html#noProviders for further details.
]]></system-err>
  </testcase>
  <testcase name="runScenario[&quot;Test 2 - Close login popup&quot;, &quot;Home Page Tests&quot;](2)" classname="runners.TestRunner" time="7.998">
    <system-out><![CDATA[
Scenario: Test 2 - Close login popup # src/test/resources/feature/1home.feature:9
Website opened: https://www.makemytrip.com/
  ✔ Given Open website "chrome"      # cucu.Cucutest.open_website(java.lang.String)
No login popup to close or already closed
  ✔ Then Close login popup           # cucu.Cucutest.close_login_popup()
Driver closed successfully
]]></system-out>
  </testcase>
  <testcase name="runScenario[&quot;Test 3 - Verify navigation tabs are displayed&quot;, &quot;Home Page Tests&quot;](3)" classname="runners.TestRunner" time="7.219">
    <system-out><![CDATA[
Scenario: Test 3 - Verify navigation tabs are displayed # src/test/resources/feature/1home.feature:12
Website opened: https://www.makemytrip.com/
  ✔ Given Open website "chrome"                         # cucu.Cucutest.open_website(java.lang.String)
Flights tab verified
  ✔ Then Check "Flights" tab                            # cucu.Cucutest.check_tab(java.lang.String)
Hotels tab verified
  ✔ And Check "Hotels" tab                              # cucu.Cucutest.check_tab(java.lang.String)
Trains tab verified
  ✔ And Check "Trains" tab                              # cucu.Cucutest.check_tab(java.lang.String)
Driver closed successfully
]]></system-out>
  </testcase>
  <testcase name="runScenario[&quot;Test 4 - Verify flight search fields are displayed&quot;, &quot;Home Page Tests&quot;](4)" classname="runners.TestRunner" time="6.867">
    <system-out><![CDATA[
Scenario: Test 4 - Verify flight search fields are displayed # src/test/resources/feature/1home.feature:17
Website opened: https://www.makemytrip.com/
  ✔ Given Open website "chrome"                              # cucu.Cucutest.open_website(java.lang.String)
Flights tab clicked
  ✔ When Click Flights                                       # cucu.Cucutest.click_flights()
From field verified
  ✔ Then Check From field                                    # cucu.Cucutest.check_from_field()
To field verified
  ✔ And Check To field                                       # cucu.Cucutest.check_to_field()
Driver closed successfully
]]></system-out>
  </testcase>
  <testcase name="runScenario[&quot;Test 5 - Verify departure date picker is displayed&quot;, &quot;Home Page Tests&quot;](5)" classname="runners.TestRunner" time="6.529">
    <system-out><![CDATA[
Scenario: Test 5 - Verify departure date picker is displayed # src/test/resources/feature/1home.feature:22
Website opened: https://www.makemytrip.com/
  ✔ Given Open website "chrome"                              # cucu.Cucutest.open_website(java.lang.String)
Flights tab clicked
  ✔ When Click Flights                                       # cucu.Cucutest.click_flights()
Departure picker verified
  ✔ Then Check Departure picker                              # cucu.Cucutest.check_departure_picker()
Driver closed successfully
]]></system-out>
  </testcase>
  <testcase name="runScenario[&quot;Test 11 - Navigate to hotels section&quot;, &quot;Hotel Search Tests&quot;](6)" classname="runners.TestRunner" time="7.794">
    <system-out><![CDATA[
Scenario: Test 11 - Navigate to hotels section # src/test/resources/feature/2hotel.feature:7
Website opened: https://www.makemytrip.com/
  ✔ Given Open website "chrome"                # cucu.Cucutest.open_website(java.lang.String)
No login popup to close or already closed
  ✔ Then Close login popup                     # cucu.Cucutest.close_login_popup()
Hotels tab clicked
  ✔ When Click Hotels                          # cucu.Cucunav.click_hotels()
URL verified: https://www.makemytrip.com/hotels/
  ✔ Then URL contains "hotels"                 # cucu.Cucuflight.url_contains(java.lang.String)
Driver closed successfully
]]></system-out>
  </testcase>
  <testcase name="runScenario[&quot;Test 12 - Search hotels with valid details&quot;, &quot;Hotel Search Tests&quot;](7)" classname="runners.TestRunner" time="42.378">
    <system-out><![CDATA[
Scenario: Test 12 - Search hotels with valid details # src/test/resources/feature/2hotel.feature:11
Website opened: https://www.makemytrip.com/
  ✔ Given Open website "chrome"                      # cucu.Cucutest.open_website(java.lang.String)
No login popup to close or already closed
  ✔ Then Close login popup                           # cucu.Cucutest.close_login_popup()
Hotels tab clicked
  ✔ When Click Hotels                                # cucu.Cucunav.click_hotels()
Error entering city: Expected condition failed: waiting for element found by By.xpath: //li//span[contains(text(),'Goa')] to be clickable, but the element was not found: org.openqa.selenium.NoSuchElementException: no such element: Unable to locate element: {"method":"xpath","selector":"//li//span[contains(text(),'Goa')]"}.
(tried for 5 seconds with 500 milliseconds interval)
Build info: version: '4.40.0', revision: 'b3333f1'
System info: os.name: 'Windows 11', os.arch: 'amd64', os.version: '10.0', java.version: '25.0.2'
Driver info: org.openqa.selenium.chrome.ChromeDriver
Capabilities {acceptInsecureCerts: false, browserName: chrome, browserVersion: 144.0.7559.133, chrome: {chromedriverVersion: 144.0.7559.133 (7da823b1d59..., userDataDir: C:\Users\91936\AppData\Loca...}, fedcm:accounts: true, goog:chromeOptions: {debuggerAddress: localhost:54067}, goog:processID: 20728, networkConnectionEnabled: false, pageLoadStrategy: normal, platformName: windows, proxy: Proxy(), se:cdp: ws://localhost:54067/devtoo..., se:cdpVersion: 144.0.7559.133, setWindowRect: true, strictFileInteractability: false, timeouts: {implicit: 0, pageLoad: 300000, script: 30000}, unhandledPromptBehavior: dismiss and notify, webauthn:extension:credBlob: true, webauthn:extension:largeBlob: true, webauthn:extension:minPinLength: true, webauthn:extension:prf: true, webauthn:virtualAuthenticators: true}
Session ID: 770abd8aff83c694b5e12450c45d112b
  ✔ And Enter city "Goa"                             # cucu.Cucuhotel.enter_city(java.lang.String)
Error selecting check-in: Expected condition failed: waiting for element to be clickable, but the element was not visible.
(tried for 5 seconds with 500 milliseconds interval)
Build info: version: '4.40.0', revision: 'b3333f1'
System info: os.name: 'Windows 11', os.arch: 'amd64', os.version: '10.0', java.version: '25.0.2'
Driver info: org.openqa.selenium.chrome.ChromeDriver
Capabilities {acceptInsecureCerts: false, browserName: chrome, browserVersion: 144.0.7559.133, chrome: {chromedriverVersion: 144.0.7559.133 (7da823b1d59..., userDataDir: C:\Users\91936\AppData\Loca...}, fedcm:accounts: true, goog:chromeOptions: {debuggerAddress: localhost:54067}, goog:processID: 20728, networkConnectionEnabled: false, pageLoadStrategy: normal, platformName: windows, proxy: Proxy(), se:cdp: ws://localhost:54067/devtoo..., se:cdpVersion: 144.0.7559.133, setWindowRect: true, strictFileInteractability: false, timeouts: {implicit: 0, pageLoad: 300000, script: 30000}, unhandledPromptBehavior: dismiss and notify, webauthn:extension:credBlob: true, webauthn:extension:largeBlob: true, webauthn:extension:minPinLength: true, webauthn:extension:prf: true, webauthn:virtualAuthenticators: true}
Session ID: 770abd8aff83c694b5e12450c45d112b
  ✔ And Select checkin date "25"                     # cucu.Cucuhotel.select_checkin_date(java.lang.String)
Error selecting date: Expected condition failed: waiting for element found by By.xpath: //div[contains(@class,'DayPicker-Day') and @aria-disabled='false' and text()='28'] to be clickable, but the element was not found: org.openqa.selenium.NoSuchElementException: no such element: Unable to locate element: {"method":"xpath","selector":"//div[contains(@class,'DayPicker-Day') and @aria-disabled='false' and text()='28']"}.
(tried for 5 seconds with 500 milliseconds interval)
Build info: version: '4.40.0', revision: 'b3333f1'
System info: os.name: 'Windows 11', os.arch: 'amd64', os.version: '10.0', java.version: '25.0.2'
Driver info: org.openqa.selenium.chrome.ChromeDriver
Capabilities {acceptInsecureCerts: false, browserName: chrome, browserVersion: 144.0.7559.133, chrome: {chromedriverVersion: 144.0.7559.133 (7da823b1d59..., userDataDir: C:\Users\91936\AppData\Loca...}, fedcm:accounts: true, goog:chromeOptions: {debuggerAddress: localhost:54067}, goog:processID: 20728, networkConnectionEnabled: false, pageLoadStrategy: normal, platformName: windows, proxy: Proxy(), se:cdp: ws://localhost:54067/devtoo..., se:cdpVersion: 144.0.7559.133, setWindowRect: true, strictFileInteractability: false, timeouts: {implicit: 0, pageLoad: 300000, script: 30000}, unhandledPromptBehavior: dismiss and notify, webauthn:extension:credBlob: true, webauthn:extension:largeBlob: true, webauthn:extension:minPinLength: true, webauthn:extension:prf: true, webauthn:virtualAuthenticators: true}
Session ID: 770abd8aff83c694b5e12450c45d112b
  ✔ And Select checkout date "28"                    # cucu.Cucuhotel.select_checkout_date(java.lang.String)
Error selecting guests: Expected condition failed: waiting for element to be clickable, but the element was not visible.
(tried for 5 seconds with 500 milliseconds interval)
Build info: version: '4.40.0', revision: 'b3333f1'
System info: os.name: 'Windows 11', os.arch: 'amd64', os.version: '10.0', java.version: '25.0.2'
Driver info: org.openqa.selenium.chrome.ChromeDriver
Capabilities {acceptInsecureCerts: false, browserName: chrome, browserVersion: 144.0.7559.133, chrome: {chromedriverVersion: 144.0.7559.133 (7da823b1d59..., userDataDir: C:\Users\91936\AppData\Loca...}, fedcm:accounts: true, goog:chromeOptions: {debuggerAddress: localhost:54067}, goog:processID: 20728, networkConnectionEnabled: false, pageLoadStrategy: normal, platformName: windows, proxy: Proxy(), se:cdp: ws://localhost:54067/devtoo..., se:cdpVersion: 144.0.7559.133, setWindowRect: true, strictFileInteractability: false, timeouts: {implicit: 0, pageLoad: 300000, script: 30000}, unhandledPromptBehavior: dismiss and notify, webauthn:extension:credBlob: true, webauthn:extension:largeBlob: true, webauthn:extension:minPinLength: true, webauthn:extension:prf: true, webauthn:virtualAuthenticators: true}
Session ID: 770abd8aff83c694b5e12450c45d112b
  ✔ And Select rooms "1" adults "2"                  # cucu.Cucuhotel.select_rooms_adults(java.lang.String,java.lang.String)
Search button clicked
  ✔ And Click hotel search                           # cucu.Cucuhotel.click_hotel_search()
Hotel results verified
  ✔ Then Hotel results shown                         # cucu.Cucuhotel.hotel_results_shown()
Driver closed successfully
]]></system-out>
  </testcase>
  <testcase name="runScenario[&quot;Test 13 - Search hotels without dates&quot;, &quot;Hotel Search Tests&quot;](8)" classname="runners.TestRunner" time="20.756">
    <system-out><![CDATA[
Scenario: Test 13 - Search hotels without dates # src/test/resources/feature/2hotel.feature:20
Website opened: https://www.makemytrip.com/
  ✔ Given Open website "chrome"                 # cucu.Cucutest.open_website(java.lang.String)
No login popup to close or already closed
  ✔ Then Close login popup                      # cucu.Cucutest.close_login_popup()
Hotels tab clicked
  ✔ When Click Hotels                           # cucu.Cucunav.click_hotels()
Error entering city: Expected condition failed: waiting for element found by By.xpath: //li//span[contains(text(),'Mumbai')] to be clickable, but the element was not found: org.openqa.selenium.NoSuchElementException: no such element: Unable to locate element: {"method":"xpath","selector":"//li//span[contains(text(),'Mumbai')]"}.
(tried for 5 seconds with 500 milliseconds interval)
Build info: version: '4.40.0', revision: 'b3333f1'
System info: os.name: 'Windows 11', os.arch: 'amd64', os.version: '10.0', java.version: '25.0.2'
Driver info: org.openqa.selenium.chrome.ChromeDriver
Capabilities {acceptInsecureCerts: false, browserName: chrome, browserVersion: 144.0.7559.133, chrome: {chromedriverVersion: 144.0.7559.133 (7da823b1d59..., userDataDir: C:\Users\91936\AppData\Loca...}, fedcm:accounts: true, goog:chromeOptions: {debuggerAddress: localhost:51841}, goog:processID: 25376, networkConnectionEnabled: false, pageLoadStrategy: normal, platformName: windows, proxy: Proxy(), se:cdp: ws://localhost:51841/devtoo..., se:cdpVersion: 144.0.7559.133, setWindowRect: true, strictFileInteractability: false, timeouts: {implicit: 0, pageLoad: 300000, script: 30000}, unhandledPromptBehavior: dismiss and notify, webauthn:extension:credBlob: true, webauthn:extension:largeBlob: true, webauthn:extension:minPinLength: true, webauthn:extension:prf: true, webauthn:virtualAuthenticators: true}
Session ID: f75e19e458db957e9b51bc2c0f95ef3b
  ✔ And Enter city "Mumbai"                     # cucu.Cucuhotel.enter_city(java.lang.String)
Search button clicked
  ✔ And Click hotel search                      # cucu.Cucuhotel.click_hotel_search()
URL verified: https://www.makemytrip.com/hotels/hotel-listing/?checkin=02132026&city=CTGOI&checkout=02142026&roomStayQualifier=2e0e&locusId=CTGOI&country=IN&locusType=city&searchText=Goa&regionNearByExp=3&rsc=1e2e0e
  ✔ Then URL contains "hotels"                  # cucu.Cucuflight.url_contains(java.lang.String)
Driver closed successfully
]]></system-out>
  </testcase>
  <testcase name="runScenario[&quot;Test 14 - Verify hotel results page&quot;, &quot;Hotel Search Tests&quot;](9)" classname="runners.TestRunner" time="40.429">
    <system-out><![CDATA[
Scenario: Test 14 - Verify hotel results page # src/test/resources/feature/2hotel.feature:26
Website opened: https://www.makemytrip.com/
  ✔ Given Open website "chrome"               # cucu.Cucutest.open_website(java.lang.String)
No login popup to close or already closed
  ✔ Then Close login popup                    # cucu.Cucutest.close_login_popup()
Hotels tab clicked
  ✔ When Click Hotels                         # cucu.Cucunav.click_hotels()
Error entering city: Expected condition failed: waiting for element found by By.xpath: //li//span[contains(text(),'Delhi')] to be clickable, but the element was not found: org.openqa.selenium.NoSuchElementException: no such element: Unable to locate element: {"method":"xpath","selector":"//li//span[contains(text(),'Delhi')]"}.
(tried for 5 seconds with 500 milliseconds interval)
Build info: version: '4.40.0', revision: 'b3333f1'
System info: os.name: 'Windows 11', os.arch: 'amd64', os.version: '10.0', java.version: '25.0.2'
Driver info: org.openqa.selenium.chrome.ChromeDriver
Capabilities {acceptInsecureCerts: false, browserName: chrome, browserVersion: 144.0.7559.133, chrome: {chromedriverVersion: 144.0.7559.133 (7da823b1d59..., userDataDir: C:\Users\91936\AppData\Loca...}, fedcm:accounts: true, goog:chromeOptions: {debuggerAddress: localhost:60306}, goog:processID: 24156, networkConnectionEnabled: false, pageLoadStrategy: normal, platformName: windows, proxy: Proxy(), se:cdp: ws://localhost:60306/devtoo..., se:cdpVersion: 144.0.7559.133, setWindowRect: true, strictFileInteractability: false, timeouts: {implicit: 0, pageLoad: 300000, script: 30000}, unhandledPromptBehavior: dismiss and notify, webauthn:extension:credBlob: true, webauthn:extension:largeBlob: true, webauthn:extension:minPinLength: true, webauthn:extension:prf: true, webauthn:virtualAuthenticators: true}
Session ID: c902e19acb0e6120b9510790410e255a
  ✔ And Enter city "Delhi"                    # cucu.Cucuhotel.enter_city(java.lang.String)
Error selecting check-in: Expected condition failed: waiting for element to be clickable, but the element was not visible.
(tried for 5 seconds with 500 milliseconds interval)
Build info: version: '4.40.0', revision: 'b3333f1'
System info: os.name: 'Windows 11', os.arch: 'amd64', os.version: '10.0', java.version: '25.0.2'
Driver info: org.openqa.selenium.chrome.ChromeDriver
Capabilities {acceptInsecureCerts: false, browserName: chrome, browserVersion: 144.0.7559.133, chrome: {chromedriverVersion: 144.0.7559.133 (7da823b1d59..., userDataDir: C:\Users\91936\AppData\Loca...}, fedcm:accounts: true, goog:chromeOptions: {debuggerAddress: localhost:60306}, goog:processID: 24156, networkConnectionEnabled: false, pageLoadStrategy: normal, platformName: windows, proxy: Proxy(), se:cdp: ws://localhost:60306/devtoo..., se:cdpVersion: 144.0.7559.133, setWindowRect: true, strictFileInteractability: false, timeouts: {implicit: 0, pageLoad: 300000, script: 30000}, unhandledPromptBehavior: dismiss and notify, webauthn:extension:credBlob: true, webauthn:extension:largeBlob: true, webauthn:extension:minPinLength: true, webauthn:extension:prf: true, webauthn:virtualAuthenticators: true}
Session ID: c902e19acb0e6120b9510790410e255a
  ✔ And Select checkin date "22"              # cucu.Cucuhotel.select_checkin_date(java.lang.String)
Error selecting date: Expected condition failed: waiting for element found by By.xpath: //div[contains(@class,'DayPicker-Day') and @aria-disabled='false' and text()='25'] to be clickable, but the element was not found: org.openqa.selenium.NoSuchElementException: no such element: Unable to locate element: {"method":"xpath","selector":"//div[contains(@class,'DayPicker-Day') and @aria-disabled='false' and text()='25']"}.
(tried for 5 seconds with 500 milliseconds interval)
Build info: version: '4.40.0', revision: 'b3333f1'
System info: os.name: 'Windows 11', os.arch: 'amd64', os.version: '10.0', java.version: '25.0.2'
Driver info: org.openqa.selenium.chrome.ChromeDriver
Capabilities {acceptInsecureCerts: false, browserName: chrome, browserVersion: 144.0.7559.133, chrome: {chromedriverVersion: 144.0.7559.133 (7da823b1d59..., userDataDir: C:\Users\91936\AppData\Loca...}, fedcm:accounts: true, goog:chromeOptions: {debuggerAddress: localhost:60306}, goog:processID: 24156, networkConnectionEnabled: false, pageLoadStrategy: normal, platformName: windows, proxy: Proxy(), se:cdp: ws://localhost:60306/devtoo..., se:cdpVersion: 144.0.7559.133, setWindowRect: true, strictFileInteractability: false, timeouts: {implicit: 0, pageLoad: 300000, script: 30000}, unhandledPromptBehavior: dismiss and notify, webauthn:extension:credBlob: true, webauthn:extension:largeBlob: true, webauthn:extension:minPinLength: true, webauthn:extension:prf: true, webauthn:virtualAuthenticators: true}
Session ID: c902e19acb0e6120b9510790410e255a
  ✔ And Select checkout date "25"             # cucu.Cucuhotel.select_checkout_date(java.lang.String)
Error selecting guests: Expected condition failed: waiting for element to be clickable, but the element was not visible.
(tried for 5 seconds with 500 milliseconds interval)
Build info: version: '4.40.0', revision: 'b3333f1'
System info: os.name: 'Windows 11', os.arch: 'amd64', os.version: '10.0', java.version: '25.0.2'
Driver info: org.openqa.selenium.chrome.ChromeDriver
Capabilities {acceptInsecureCerts: false, browserName: chrome, browserVersion: 144.0.7559.133, chrome: {chromedriverVersion: 144.0.7559.133 (7da823b1d59..., userDataDir: C:\Users\91936\AppData\Loca...}, fedcm:accounts: true, goog:chromeOptions: {debuggerAddress: localhost:60306}, goog:processID: 24156, networkConnectionEnabled: false, pageLoadStrategy: normal, platformName: windows, proxy: Proxy(), se:cdp: ws://localhost:60306/devtoo..., se:cdpVersion: 144.0.7559.133, setWindowRect: true, strictFileInteractability: false, timeouts: {implicit: 0, pageLoad: 300000, script: 30000}, unhandledPromptBehavior: dismiss and notify, webauthn:extension:credBlob: true, webauthn:extension:largeBlob: true, webauthn:extension:minPinLength: true, webauthn:extension:prf: true, webauthn:virtualAuthenticators: true}
Session ID: c902e19acb0e6120b9510790410e255a
  ✔ And Select rooms "1" adults "2"           # cucu.Cucuhotel.select_rooms_adults(java.lang.String,java.lang.String)
Search button clicked
  ✔ And Click hotel search                    # cucu.Cucuhotel.click_hotel_search()
Hotel results verified
  ✔ Then Hotel results shown                  # cucu.Cucuhotel.hotel_results_shown()
Driver closed successfully
]]></system-out>
  </testcase>
  <testcase name="runScenario[&quot;Test - Search hotels in different cities&quot;, &quot;Hotel Search Tests&quot;](10)" classname="runners.TestRunner" time="40.655">
    <system-out><![CDATA[
Scenario Outline: Test - Search hotels in different cities # src/test/resources/feature/2hotel.feature:46
Website opened: https://www.makemytrip.com/
  ✔ Given Open website "chrome"                            # cucu.Cucutest.open_website(java.lang.String)
No login popup to close or already closed
  ✔ Then Close login popup                                 # cucu.Cucutest.close_login_popup()
Hotels tab clicked
  ✔ When Click Hotels                                      # cucu.Cucunav.click_hotels()
Error entering city: Expected condition failed: waiting for element found by By.xpath: //li//span[contains(text(),'Goa')] to be clickable, but the element was not found: org.openqa.selenium.NoSuchElementException: no such element: Unable to locate element: {"method":"xpath","selector":"//li//span[contains(text(),'Goa')]"}.
(tried for 5 seconds with 500 milliseconds interval)
Build info: version: '4.40.0', revision: 'b3333f1'
System info: os.name: 'Windows 11', os.arch: 'amd64', os.version: '10.0', java.version: '25.0.2'
Driver info: org.openqa.selenium.chrome.ChromeDriver
Capabilities {acceptInsecureCerts: false, browserName: chrome, browserVersion: 144.0.7559.133, chrome: {chromedriverVersion: 144.0.7559.133 (7da823b1d59..., userDataDir: C:\Users\91936\AppData\Loca...}, fedcm:accounts: true, goog:chromeOptions: {debuggerAddress: localhost:58074}, goog:processID: 19800, networkConnectionEnabled: false, pageLoadStrategy: normal, platformName: windows, proxy: Proxy(), se:cdp: ws://localhost:58074/devtoo..., se:cdpVersion: 144.0.7559.133, setWindowRect: true, strictFileInteractability: false, timeouts: {implicit: 0, pageLoad: 300000, script: 30000}, unhandledPromptBehavior: dismiss and notify, webauthn:extension:credBlob: true, webauthn:extension:largeBlob: true, webauthn:extension:minPinLength: true, webauthn:extension:prf: true, webauthn:virtualAuthenticators: true}
Session ID: bddcf2f6df72fe37f084f9850349e06f
  ✔ And Enter city "Goa"                                   # cucu.Cucuhotel.enter_city(java.lang.String)
Error selecting check-in: Expected condition failed: waiting for element to be clickable, but the element was not visible.
(tried for 5 seconds with 500 milliseconds interval)
Build info: version: '4.40.0', revision: 'b3333f1'
System info: os.name: 'Windows 11', os.arch: 'amd64', os.version: '10.0', java.version: '25.0.2'
Driver info: org.openqa.selenium.chrome.ChromeDriver
Capabilities {acceptInsecureCerts: false, browserName: chrome, browserVersion: 144.0.7559.133, chrome: {chromedriverVersion: 144.0.7559.133 (7da823b1d59..., userDataDir: C:\Users\91936\AppData\Loca...}, fedcm:accounts: true, goog:chromeOptions: {debuggerAddress: localhost:58074}, goog:processID: 19800, networkConnectionEnabled: false, pageLoadStrategy: normal, platformName: windows, proxy: Proxy(), se:cdp: ws://localhost:58074/devtoo..., se:cdpVersion: 144.0.7559.133, setWindowRect: true, strictFileInteractability: false, timeouts: {implicit: 0, pageLoad: 300000, script: 30000}, unhandledPromptBehavior: dismiss and notify, webauthn:extension:credBlob: true, webauthn:extension:largeBlob: true, webauthn:extension:minPinLength: true, webauthn:extension:prf: true, webauthn:virtualAuthenticators: true}
Session ID: bddcf2f6df72fe37f084f9850349e06f
  ✔ And Select checkin date "20"                           # cucu.Cucuhotel.select_checkin_date(java.lang.String)
Error selecting date: Expected condition failed: waiting for element found by By.xpath: //div[contains(@class,'DayPicker-Day') and @aria-disabled='false' and text()='23'] to be clickable, but the element was not found: org.openqa.selenium.NoSuchElementException: no such element: Unable to locate element: {"method":"xpath","selector":"//div[contains(@class,'DayPicker-Day') and @aria-disabled='false' and text()='23']"}.
(tried for 5 seconds with 500 milliseconds interval)
Build info: version: '4.40.0', revision: 'b3333f1'
System info: os.name: 'Windows 11', os.arch: 'amd64', os.version: '10.0', java.version: '25.0.2'
Driver info: org.openqa.selenium.chrome.ChromeDriver
Capabilities {acceptInsecureCerts: false, browserName: chrome, browserVersion: 144.0.7559.133, chrome: {chromedriverVersion: 144.0.7559.133 (7da823b1d59..., userDataDir: C:\Users\91936\AppData\Loca...}, fedcm:accounts: true, goog:chromeOptions: {debuggerAddress: localhost:58074}, goog:processID: 19800, networkConnectionEnabled: false, pageLoadStrategy: normal, platformName: windows, proxy: Proxy(), se:cdp: ws://localhost:58074/devtoo..., se:cdpVersion: 144.0.7559.133, setWindowRect: true, strictFileInteractability: false, timeouts: {implicit: 0, pageLoad: 300000, script: 30000}, unhandledPromptBehavior: dismiss and notify, webauthn:extension:credBlob: true, webauthn:extension:largeBlob: true, webauthn:extension:minPinLength: true, webauthn:extension:prf: true, webauthn:virtualAuthenticators: true}
Session ID: bddcf2f6df72fe37f084f9850349e06f
  ✔ And Select checkout date "23"                          # cucu.Cucuhotel.select_checkout_date(java.lang.String)
Error selecting guests: Expected condition failed: waiting for element to be clickable, but the element was not visible.
(tried for 5 seconds with 500 milliseconds interval)
Build info: version: '4.40.0', revision: 'b3333f1'
System info: os.name: 'Windows 11', os.arch: 'amd64', os.version: '10.0', java.version: '25.0.2'
Driver info: org.openqa.selenium.chrome.ChromeDriver
Capabilities {acceptInsecureCerts: false, browserName: chrome, browserVersion: 144.0.7559.133, chrome: {chromedriverVersion: 144.0.7559.133 (7da823b1d59..., userDataDir: C:\Users\91936\AppData\Loca...}, fedcm:accounts: true, goog:chromeOptions: {debuggerAddress: localhost:58074}, goog:processID: 19800, networkConnectionEnabled: false, pageLoadStrategy: normal, platformName: windows, proxy: Proxy(), se:cdp: ws://localhost:58074/devtoo..., se:cdpVersion: 144.0.7559.133, setWindowRect: true, strictFileInteractability: false, timeouts: {implicit: 0, pageLoad: 300000, script: 30000}, unhandledPromptBehavior: dismiss and notify, webauthn:extension:credBlob: true, webauthn:extension:largeBlob: true, webauthn:extension:minPinLength: true, webauthn:extension:prf: true, webauthn:virtualAuthenticators: true}
Session ID: bddcf2f6df72fe37f084f9850349e06f
  ✔ And Select rooms "1" adults "2"                        # cucu.Cucuhotel.select_rooms_adults(java.lang.String,java.lang.String)
Search button clicked
  ✔ And Click hotel search                                 # cucu.Cucuhotel.click_hotel_search()
Hotel results verified
  ✔ Then Hotel results shown                               # cucu.Cucuhotel.hotel_results_shown()
Driver closed successfully
]]></system-out>
  </testcase>
  <testcase name="runScenario[&quot;Test - Search hotels in different cities&quot;, &quot;Hotel Search Tests&quot;](11)" classname="runners.TestRunner" time="39.343">
    <system-out><![CDATA[
Scenario Outline: Test - Search hotels in different cities # src/test/resources/feature/2hotel.feature:47
Website opened: https://www.makemytrip.com/
  ✔ Given Open website "chrome"                            # cucu.Cucutest.open_website(java.lang.String)
No login popup to close or already closed
  ✔ Then Close login popup                                 # cucu.Cucutest.close_login_popup()
Hotels tab clicked
  ✔ When Click Hotels                                      # cucu.Cucunav.click_hotels()
Error entering city: Expected condition failed: waiting for element found by By.xpath: //li//span[contains(text(),'Jaipur')] to be clickable, but the element was not found: org.openqa.selenium.NoSuchElementException: no such element: Unable to locate element: {"method":"xpath","selector":"//li//span[contains(text(),'Jaipur')]"}.
(tried for 5 seconds with 500 milliseconds interval)
Build info: version: '4.40.0', revision: 'b3333f1'
System info: os.name: 'Windows 11', os.arch: 'amd64', os.version: '10.0', java.version: '25.0.2'
Driver info: org.openqa.selenium.chrome.ChromeDriver
Capabilities {acceptInsecureCerts: false, browserName: chrome, browserVersion: 144.0.7559.133, chrome: {chromedriverVersion: 144.0.7559.133 (7da823b1d59..., userDataDir: C:\Users\91936\AppData\Loca...}, fedcm:accounts: true, goog:chromeOptions: {debuggerAddress: localhost:50062}, goog:processID: 17484, networkConnectionEnabled: false, pageLoadStrategy: normal, platformName: windows, proxy: Proxy(), se:cdp: ws://localhost:50062/devtoo..., se:cdpVersion: 144.0.7559.133, setWindowRect: true, strictFileInteractability: false, timeouts: {implicit: 0, pageLoad: 300000, script: 30000}, unhandledPromptBehavior: dismiss and notify, webauthn:extension:credBlob: true, webauthn:extension:largeBlob: true, webauthn:extension:minPinLength: true, webauthn:extension:prf: true, webauthn:virtualAuthenticators: true}
Session ID: 50da230696ed1e3507fd90de206ccea1
  ✔ And Enter city "Jaipur"                                # cucu.Cucuhotel.enter_city(java.lang.String)
Error selecting check-in: Expected condition failed: waiting for element to be clickable, but the element was not visible.
(tried for 5 seconds with 500 milliseconds interval)
Build info: version: '4.40.0', revision: 'b3333f1'
System info: os.name: 'Windows 11', os.arch: 'amd64', os.version: '10.0', java.version: '25.0.2'
Driver info: org.openqa.selenium.chrome.ChromeDriver
Capabilities {acceptInsecureCerts: false, browserName: chrome, browserVersion: 144.0.7559.133, chrome: {chromedriverVersion: 144.0.7559.133 (7da823b1d59..., userDataDir: C:\Users\91936\AppData\Loca...}, fedcm:accounts: true, goog:chromeOptions: {debuggerAddress: localhost:50062}, goog:processID: 17484, networkConnectionEnabled: false, pageLoadStrategy: normal, platformName: windows, proxy: Proxy(), se:cdp: ws://localhost:50062/devtoo..., se:cdpVersion: 144.0.7559.133, setWindowRect: true, strictFileInteractability: false, timeouts: {implicit: 0, pageLoad: 300000, script: 30000}, unhandledPromptBehavior: dismiss and notify, webauthn:extension:credBlob: true, webauthn:extension:largeBlob: true, webauthn:extension:minPinLength: true, webauthn:extension:prf: true, webauthn:virtualAuthenticators: true}
Session ID: 50da230696ed1e3507fd90de206ccea1
  ✔ And Select checkin date "20"                           # cucu.Cucuhotel.select_checkin_date(java.lang.String)
Error selecting date: Expected condition failed: waiting for element found by By.xpath: //div[contains(@class,'DayPicker-Day') and @aria-disabled='false' and text()='23'] to be clickable, but the element was not found: org.openqa.selenium.NoSuchElementException: no such element: Unable to locate element: {"method":"xpath","selector":"//div[contains(@class,'DayPicker-Day') and @aria-disabled='false' and text()='23']"}.
(tried for 5 seconds with 500 milliseconds interval)
Build info: version: '4.40.0', revision: 'b3333f1'
System info: os.name: 'Windows 11', os.arch: 'amd64', os.version: '10.0', java.version: '25.0.2'
Driver info: org.openqa.selenium.chrome.ChromeDriver
Capabilities {acceptInsecureCerts: false, browserName: chrome, browserVersion: 144.0.7559.133, chrome: {chromedriverVersion: 144.0.7559.133 (7da823b1d59..., userDataDir: C:\Users\91936\AppData\Loca...}, fedcm:accounts: true, goog:chromeOptions: {debuggerAddress: localhost:50062}, goog:processID: 17484, networkConnectionEnabled: false, pageLoadStrategy: normal, platformName: windows, proxy: Proxy(), se:cdp: ws://localhost:50062/devtoo..., se:cdpVersion: 144.0.7559.133, setWindowRect: true, strictFileInteractability: false, timeouts: {implicit: 0, pageLoad: 300000, script: 30000}, unhandledPromptBehavior: dismiss and notify, webauthn:extension:credBlob: true, webauthn:extension:largeBlob: true, webauthn:extension:minPinLength: true, webauthn:extension:prf: true, webauthn:virtualAuthenticators: true}
Session ID: 50da230696ed1e3507fd90de206ccea1
  ✔ And Select checkout date "23"                          # cucu.Cucuhotel.select_checkout_date(java.lang.String)
Error selecting guests: Expected condition failed: waiting for element to be clickable, but the element was not visible.
(tried for 5 seconds with 500 milliseconds interval)
Build info: version: '4.40.0', revision: 'b3333f1'
System info: os.name: 'Windows 11', os.arch: 'amd64', os.version: '10.0', java.version: '25.0.2'
Driver info: org.openqa.selenium.chrome.ChromeDriver
Capabilities {acceptInsecureCerts: false, browserName: chrome, browserVersion: 144.0.7559.133, chrome: {chromedriverVersion: 144.0.7559.133 (7da823b1d59..., userDataDir: C:\Users\91936\AppData\Loca...}, fedcm:accounts: true, goog:chromeOptions: {debuggerAddress: localhost:50062}, goog:processID: 17484, networkConnectionEnabled: false, pageLoadStrategy: normal, platformName: windows, proxy: Proxy(), se:cdp: ws://localhost:50062/devtoo..., se:cdpVersion: 144.0.7559.133, setWindowRect: true, strictFileInteractability: false, timeouts: {implicit: 0, pageLoad: 300000, script: 30000}, unhandledPromptBehavior: dismiss and notify, webauthn:extension:credBlob: true, webauthn:extension:largeBlob: true, webauthn:extension:minPinLength: true, webauthn:extension:prf: true, webauthn:virtualAuthenticators: true}
Session ID: 50da230696ed1e3507fd90de206ccea1
  ✔ And Select rooms "1" adults "2"                        # cucu.Cucuhotel.select_rooms_adults(java.lang.String,java.lang.String)
Search button clicked
  ✔ And Click hotel search                                 # cucu.Cucuhotel.click_hotel_search()
Hotel results verified
  ✔ Then Hotel results shown                               # cucu.Cucuhotel.hotel_results_shown()
Driver closed successfully
]]></system-out>
  </testcase>
  <testcase name="runScenario[&quot;Test 15 - Navigate to trains section&quot;, &quot;Train Search Tests&quot;](12)" classname="runners.TestRunner" time="7.155">
    <system-out><![CDATA[
Scenario: Test 15 - Navigate to trains section # src/test/resources/feature/3train.feature:7
Website opened: https://www.makemytrip.com/
  ✔ Given Open website "chrome"                # cucu.Cucutest.open_website(java.lang.String)
No login popup to close or already closed
  ✔ Then Close login popup                     # cucu.Cucutest.close_login_popup()
Trains tab clicked
  ✔ When Click Trains                          # cucu.Cucunav.click_trains()
URL verified: https://www.makemytrip.com/railways/
  ✔ Then URL contains "railways"               # cucu.Cucuflight.url_contains(java.lang.String)
Driver closed successfully
]]></system-out>
  </testcase>
  <testcase name="runScenario[&quot;Test 16 - Search trains with valid stations and date&quot;, &quot;Train Search Tests&quot;](13)" classname="runners.TestRunner" time="51.218">
    <system-out><![CDATA[
Scenario: Test 16 - Search trains with valid stations and date # src/test/resources/feature/3train.feature:11
Website opened: https://www.makemytrip.com/
  ✔ Given Open website "chrome"                                # cucu.Cucutest.open_website(java.lang.String)
No login popup to close or already closed
  ✔ Then Close login popup                                     # cucu.Cucutest.close_login_popup()
Trains tab clicked
  ✔ When Click Trains                                          # cucu.Cucunav.click_trains()
Error entering from station: Expected condition failed: waiting for visibility of Proxy element for: DefaultElementLocator 'By.xpath: //input[@placeholder='From']'
(tried for 5 seconds with 500 milliseconds interval)
  ✔ And Enter from station "Mumbai"                            # cucu.Cucutrain.enter_from_station(java.lang.String)
Error entering to station: Expected condition failed: waiting for visibility of Proxy element for: DefaultElementLocator 'By.xpath: //input[@placeholder='To']'
(tried for 5 seconds with 500 milliseconds interval)
  ✔ And Enter to station "Pune"                                # cucu.Cucutrain.enter_to_station(java.lang.String)
Departure date selected: 20
  ✔ And Select departure date "20"                             # cucu.Cucutrain.select_departure_date(java.lang.String)
Search button clicked
  ✔ And Click train search                                     # cucu.Cucutrain.click_train_search()
URL verified: https://www.makemytrip.com/railways/listing?date=20260220&srcStn=NDLS&srcCity=New%20Delhi&destStn=CNB&destCity=Kanpur&classCode=
  ✔ Then URL contains "railways"                               # cucu.Cucuflight.url_contains(java.lang.String)
Driver closed successfully
]]></system-out>
  </testcase>
  <testcase name="runScenario[&quot;Test 17 - Search trains without selecting date&quot;, &quot;Train Search Tests&quot;](14)" classname="runners.TestRunner" time="51.554">
    <system-out><![CDATA[
Scenario: Test 17 - Search trains without selecting date # src/test/resources/feature/3train.feature:19
Website opened: https://www.makemytrip.com/
  ✔ Given Open website "chrome"                          # cucu.Cucutest.open_website(java.lang.String)
No login popup to close or already closed
  ✔ Then Close login popup                               # cucu.Cucutest.close_login_popup()
Trains tab clicked
  ✔ When Click Trains                                    # cucu.Cucunav.click_trains()
Error entering from station: Expected condition failed: waiting for visibility of Proxy element for: DefaultElementLocator 'By.xpath: //input[@placeholder='From']'
(tried for 5 seconds with 500 milliseconds interval)
  ✔ And Enter from station "Delhi"                       # cucu.Cucutrain.enter_from_station(java.lang.String)
Error entering to station: Expected condition failed: waiting for visibility of Proxy element for: DefaultElementLocator 'By.xpath: //input[@placeholder='To']'
(tried for 5 seconds with 500 milliseconds interval)
  ✔ And Enter to station "Bangalore"                     # cucu.Cucutrain.enter_to_station(java.lang.String)
Search button clicked
  ✔ And Click train search                               # cucu.Cucutrain.click_train_search()
URL verified: https://www.makemytrip.com/railways/listing?date=20260213&srcStn=NDLS&srcCity=New%20Delhi&destStn=CNB&destCity=Kanpur&classCode=
  ✔ Then URL contains "railways"                         # cucu.Cucuflight.url_contains(java.lang.String)
Driver closed successfully
]]></system-out>
  </testcase>
  <testcase name="runScenario[&quot;Test 18 - Verify train results page&quot;, &quot;Train Search Tests&quot;](15)" classname="runners.TestRunner" time="53.28">
    <system-out><![CDATA[
Scenario: Test 18 - Verify train results page # src/test/resources/feature/3train.feature:26
Website opened: https://www.makemytrip.com/
  ✔ Given Open website "chrome"               # cucu.Cucutest.open_website(java.lang.String)
No login popup to close or already closed
  ✔ Then Close login popup                    # cucu.Cucutest.close_login_popup()
Trains tab clicked
  ✔ When Click Trains                         # cucu.Cucunav.click_trains()
Error entering from station: Expected condition failed: waiting for visibility of Proxy element for: DefaultElementLocator 'By.xpath: //input[@placeholder='From']'
(tried for 5 seconds with 500 milliseconds interval)
  ✔ And Enter from station "Delhi"            # cucu.Cucutrain.enter_from_station(java.lang.String)
Error entering to station: Expected condition failed: waiting for visibility of Proxy element for: DefaultElementLocator 'By.xpath: //input[@placeholder='To']'
(tried for 5 seconds with 500 milliseconds interval)
  ✔ And Enter to station "Mumbai"             # cucu.Cucutrain.enter_to_station(java.lang.String)
Departure date selected: 22
  ✔ And Select departure date "22"            # cucu.Cucutrain.select_departure_date(java.lang.String)
Search button clicked
  ✔ And Click train search                    # cucu.Cucutrain.click_train_search()
URL verified: https://www.makemytrip.com/railways/listing?date=20260222&srcStn=NDLS&srcCity=New%20Delhi&destStn=CNB&destCity=Kanpur&classCode=
  ✔ Then URL contains "railways"              # cucu.Cucuflight.url_contains(java.lang.String)
Driver closed successfully
]]></system-out>
  </testcase>
  <testcase name="runScenario[&quot;Test 19 - Search trains for different routes&quot;, &quot;Train Search Tests&quot;](16)" classname="runners.TestRunner" time="50.747">
    <system-out><![CDATA[
Scenario Outline: Test 19 - Search trains for different routes # src/test/resources/feature/3train.feature:44
Website opened: https://www.makemytrip.com/
  ✔ Given Open website "chrome"                                # cucu.Cucutest.open_website(java.lang.String)
No login popup to close or already closed
  ✔ Then Close login popup                                     # cucu.Cucutest.close_login_popup()
Trains tab clicked
  ✔ When Click Trains                                          # cucu.Cucunav.click_trains()
Error entering from station: Expected condition failed: waiting for visibility of Proxy element for: DefaultElementLocator 'By.xpath: //input[@placeholder='From']'
(tried for 5 seconds with 500 milliseconds interval)
  ✔ And Enter from station "Mumbai"                            # cucu.Cucutrain.enter_from_station(java.lang.String)
Error entering to station: Expected condition failed: waiting for visibility of Proxy element for: DefaultElementLocator 'By.xpath: //input[@placeholder='To']'
(tried for 5 seconds with 500 milliseconds interval)
  ✔ And Enter to station "Pune"                                # cucu.Cucutrain.enter_to_station(java.lang.String)
Departure date selected: 20
  ✔ And Select departure date "20"                             # cucu.Cucutrain.select_departure_date(java.lang.String)
Search button clicked
  ✔ And Click train search                                     # cucu.Cucutrain.click_train_search()
URL verified: https://www.makemytrip.com/railways/listing?date=20260220&srcStn=NDLS&srcCity=New%20Delhi&destStn=CNB&destCity=Kanpur&classCode=
  ✔ Then URL contains "railways"                               # cucu.Cucuflight.url_contains(java.lang.String)
Driver closed successfully
]]></system-out>
  </testcase>
  <testcase name="runScenario[&quot;Test 19 - Search trains for different routes&quot;, &quot;Train Search Tests&quot;](17)" classname="runners.TestRunner" time="50.842">
    <system-out><![CDATA[
Scenario Outline: Test 19 - Search trains for different routes # src/test/resources/feature/3train.feature:45
Website opened: https://www.makemytrip.com/
  ✔ Given Open website "chrome"                                # cucu.Cucutest.open_website(java.lang.String)
No login popup to close or already closed
  ✔ Then Close login popup                                     # cucu.Cucutest.close_login_popup()
Trains tab clicked
  ✔ When Click Trains                                          # cucu.Cucunav.click_trains()
Error entering from station: Expected condition failed: waiting for visibility of Proxy element for: DefaultElementLocator 'By.xpath: //input[@placeholder='From']'
(tried for 5 seconds with 500 milliseconds interval)
  ✔ And Enter from station "Delhi"                             # cucu.Cucutrain.enter_from_station(java.lang.String)
Error entering to station: Expected condition failed: waiting for visibility of Proxy element for: DefaultElementLocator 'By.xpath: //input[@placeholder='To']'
(tried for 5 seconds with 500 milliseconds interval)
  ✔ And Enter to station "Agra"                                # cucu.Cucutrain.enter_to_station(java.lang.String)
Departure date selected: 20
  ✔ And Select departure date "20"                             # cucu.Cucutrain.select_departure_date(java.lang.String)
Search button clicked
  ✔ And Click train search                                     # cucu.Cucutrain.click_train_search()
URL verified: https://www.makemytrip.com/railways/listing?date=20260220&srcStn=NDLS&srcCity=New%20Delhi&destStn=CNB&destCity=Kanpur&classCode=
  ✔ Then URL contains "railways"                               # cucu.Cucuflight.url_contains(java.lang.String)
Driver closed successfully
]]></system-out>
  </testcase>
  <testcase name="runScenario[&quot;Test 6 - Search flights with valid cities&quot;, &quot;Flight Search Tests&quot;](18)" classname="runners.TestRunner" time="18.223">
    <system-out><![CDATA[
Scenario: Test 6 - Search flights with valid cities # src/test/resources/feature/4flight.feature:7
Website opened: https://www.makemytrip.com/
  ✔ Given Open website "chrome"                     # cucu.Cucutest.open_website(java.lang.String)
No login popup to close or already closed
  ✔ Then Close login popup                          # cucu.Cucutest.close_login_popup()
Flights tab clicked
  ✔ When Click Flights                              # cucu.Cucutest.click_flights()
No login popup to close or already closed
From city entered: Delhi
  ✔ And Enter from "Delhi"                          # cucu.Cucuflight.enter_from(java.lang.String)
To city entered: Mumbai
  ✔ And Enter to "Mumbai"                           # cucu.Cucuflight.enter_to(java.lang.String)
Departure date selected
  ✔ And Select departure date and search            # cucu.Cucuflight.select_departure_date_and_search()
Results page verified
  ✔ Then Results page shown                         # cucu.Cucuflight.results_page_shown()
Driver closed successfully
]]></system-out>
  </testcase>
  <testcase name="runScenario[&quot;Test 7 - Search flights with same source and destination&quot;, &quot;Flight Search Tests&quot;](19)" classname="runners.TestRunner" time="14.803">
    <system-out><![CDATA[
Scenario: Test 7 - Search flights with same source and destination # src/test/resources/feature/4flight.feature:14
Website opened: https://www.makemytrip.com/
  ✔ Given Open website "chrome"                                    # cucu.Cucutest.open_website(java.lang.String)
No login popup to close or already closed
  ✔ Then Close login popup                                         # cucu.Cucutest.close_login_popup()
Flights tab clicked
  ✔ When Click Flights                                             # cucu.Cucutest.click_flights()
No login popup to close or already closed
From city entered: Delhi
  ✔ And Enter from "Delhi"                                         # cucu.Cucuflight.enter_from(java.lang.String)
To city entered: Delhi
  ✔ And Enter to "Delhi"                                           # cucu.Cucuflight.enter_to(java.lang.String)
Departure date selected
  ✔ And Select departure date and search                           # cucu.Cucuflight.select_departure_date_and_search()
Error message verified
  ✔ Then Error message shown                                       # cucu.Cucuflight.error_message_shown()
Driver closed successfully
]]></system-out>
  </testcase>
  <testcase name="runScenario[&quot;Test 8 - Search flights without selecting date&quot;, &quot;Flight Search Tests&quot;](20)" classname="runners.TestRunner" time="17.351">
    <system-out><![CDATA[
Scenario: Test 8 - Search flights without selecting date # src/test/resources/feature/4flight.feature:21
Website opened: https://www.makemytrip.com/
  ✔ Given Open website "chrome"                          # cucu.Cucutest.open_website(java.lang.String)
No login popup to close or already closed
  ✔ Then Close login popup                               # cucu.Cucutest.close_login_popup()
Flights tab clicked
  ✔ When Click Flights                                   # cucu.Cucutest.click_flights()
No login popup to close or already closed
From city entered: Bangalore
  ✔ And Enter from "Bangalore"                           # cucu.Cucuflight.enter_from(java.lang.String)
To city entered: Chennai
  ✔ And Enter to "Chennai"                               # cucu.Cucuflight.enter_to(java.lang.String)
Search button clicked
Results page loaded
  ✔ And Click search                                     # cucu.Cucuflight.click_search()
Results page verified
  ✔ Then Results page shown                              # cucu.Cucuflight.results_page_shown()
Driver closed successfully
]]></system-out>
  </testcase>
  <testcase name="runScenario[&quot;Test 9 - Verify flight results page URL&quot;, &quot;Flight Search Tests&quot;](21)" classname="runners.TestRunner" time="19.363">
    <system-out><![CDATA[
Scenario: Test 9 - Verify flight results page URL # src/test/resources/feature/4flight.feature:28
Website opened: https://www.makemytrip.com/
  ✔ Given Open website "chrome"                   # cucu.Cucutest.open_website(java.lang.String)
No login popup to close or already closed
  ✔ Then Close login popup                        # cucu.Cucutest.close_login_popup()
Flights tab clicked
  ✔ When Click Flights                            # cucu.Cucutest.click_flights()
No login popup to close or already closed
From city entered: Delhi
  ✔ And Enter from "Delhi"                        # cucu.Cucuflight.enter_from(java.lang.String)
To city entered: Mumbai
  ✔ And Enter to "Mumbai"                         # cucu.Cucuflight.enter_to(java.lang.String)
Departure date selected
  ✔ And Select departure date and search          # cucu.Cucuflight.select_departure_date_and_search()
URL verified: https://www.makemytrip.com/
  ✔ Then URL contains "www.makemytrip.com"        # cucu.Cucuflight.url_contains(java.lang.String)
Driver closed successfully
]]></system-out>
  </testcase>
  <testcase name="runScenario[&quot;Test 10 - Verify flight list is displayed&quot;, &quot;Flight Search Tests&quot;](22)" classname="runners.TestRunner" time="14.316">
    <system-out><![CDATA[
Scenario: Test 10 - Verify flight list is displayed # src/test/resources/feature/4flight.feature:35
Website opened: https://www.makemytrip.com/
  ✔ Given Open website "chrome"                     # cucu.Cucutest.open_website(java.lang.String)
No login popup to close or already closed
  ✔ Then Close login popup                          # cucu.Cucutest.close_login_popup()
Flights tab clicked
  ✔ When Click Flights                              # cucu.Cucutest.click_flights()
No login popup to close or already closed
From city entered: Delhi
  ✔ And Enter from "Delhi"                          # cucu.Cucuflight.enter_from(java.lang.String)
To city entered: Mumbai
  ✔ And Enter to "Mumbai"                           # cucu.Cucuflight.enter_to(java.lang.String)
Departure date selected
  ✔ And Select departure date and search            # cucu.Cucuflight.select_departure_date_and_search()
Flight list verified
  ✔ Then Flight list displayed                      # cucu.Cucuflight.flight_list_displayed()
Driver closed successfully
]]></system-out>
  </testcase>
  <testcase name="runScenario[&quot;Test - Search flights to multiple destinations&quot;, &quot;Flight Search Tests&quot;](23)" classname="runners.TestRunner" time="13.451">
    <system-out><![CDATA[
Scenario Outline: Test - Search flights to multiple destinations # src/test/resources/feature/4flight.feature:51
Website opened: https://www.makemytrip.com/
  ✔ Given Open website "chrome"                                  # cucu.Cucutest.open_website(java.lang.String)
No login popup to close or already closed
  ✔ Then Close login popup                                       # cucu.Cucutest.close_login_popup()
Flights tab clicked
  ✔ When Click Flights                                           # cucu.Cucutest.click_flights()
No login popup to close or already closed
From city entered: Delhi
  ✔ And Enter from "Delhi"                                       # cucu.Cucuflight.enter_from(java.lang.String)
To city entered: Bangalore
  ✔ And Enter to "Bangalore"                                     # cucu.Cucuflight.enter_to(java.lang.String)
Departure date selected
  ✔ And Select departure date and search                         # cucu.Cucuflight.select_departure_date_and_search()
URL verified: https://www.makemytrip.com/
  ✔ Then URL contains "www.makemytrip.com"                       # cucu.Cucuflight.url_contains(java.lang.String)
Driver closed successfully
]]></system-out>
  </testcase>
  <testcase name="runScenario[&quot;Test - Search flights to multiple destinations&quot;, &quot;Flight Search Tests&quot;](24)" classname="runners.TestRunner" time="13.493">
    <system-out><![CDATA[
Scenario Outline: Test - Search flights to multiple destinations # src/test/resources/feature/4flight.feature:52
Website opened: https://www.makemytrip.com/
  ✔ Given Open website "chrome"                                  # cucu.Cucutest.open_website(java.lang.String)
No login popup to close or already closed
  ✔ Then Close login popup                                       # cucu.Cucutest.close_login_popup()
Flights tab clicked
  ✔ When Click Flights                                           # cucu.Cucutest.click_flights()
No login popup to close or already closed
From city entered: Mumbai
  ✔ And Enter from "Mumbai"                                      # cucu.Cucuflight.enter_from(java.lang.String)
To city entered: Chennai
  ✔ And Enter to "Chennai"                                       # cucu.Cucuflight.enter_to(java.lang.String)
Departure date selected
  ✔ And Select departure date and search                         # cucu.Cucuflight.select_departure_date_and_search()
URL verified: https://www.makemytrip.com/
  ✔ Then URL contains "www.makemytrip.com"                       # cucu.Cucuflight.url_contains(java.lang.String)
Driver closed successfully
]]></system-out>
  </testcase>
  <testcase name="runScenario[&quot;Test 19 - Navigate between different modules&quot;, &quot;Navigation Tests&quot;](25)" classname="runners.TestRunner" time="8.085">
    <system-out><![CDATA[
Scenario: Test 19 - Navigate between different modules # src/test/resources/feature/5navigation.feature:7
Website opened: https://www.makemytrip.com/
  ✔ Given Open website "chrome"                        # cucu.Cucutest.open_website(java.lang.String)
No login popup to close or already closed
  ✔ Then Close login popup                             # cucu.Cucutest.close_login_popup()
Flights tab clicked
  ✔ When Click Flights                                 # cucu.Cucutest.click_flights()
Hotels tab clicked
  ✔ And Click Hotels                                   # cucu.Cucunav.click_hotels()
Trains tab clicked
  ✔ And Click Trains                                   # cucu.Cucunav.click_trains()
URL verified: https://www.makemytrip.com/railways/
  ✔ Then URL contains "railways"                       # cucu.Cucuflight.url_contains(java.lang.String)
Driver closed successfully
]]></system-out>
  </testcase>
  <testcase name="runScenario[&quot;Test 20 - Navigate from Flights to Hotels&quot;, &quot;Navigation Tests&quot;](26)" classname="runners.TestRunner" time="7.975">
    <system-out><![CDATA[
Scenario: Test 20 - Navigate from Flights to Hotels # src/test/resources/feature/5navigation.feature:13
Website opened: https://www.makemytrip.com/
  ✔ Given Open website "chrome"                     # cucu.Cucutest.open_website(java.lang.String)
No login popup to close or already closed
  ✔ Then Close login popup                          # cucu.Cucutest.close_login_popup()
Flights tab clicked
  ✔ When Click Flights                              # cucu.Cucutest.click_flights()
Hotels tab clicked
  ✔ And Click Hotels                                # cucu.Cucunav.click_hotels()
URL verified: https://www.makemytrip.com/hotels/
  ✔ Then URL contains "hotels"                      # cucu.Cucuflight.url_contains(java.lang.String)
Driver closed successfully
]]></system-out>
  </testcase>
  <testcase name="runScenario[&quot;Test 21 - Navigate from Hotels to Trains&quot;, &quot;Navigation Tests&quot;](27)" classname="runners.TestRunner" time="8.379">
    <system-out><![CDATA[
Scenario: Test 21 - Navigate from Hotels to Trains # src/test/resources/feature/5navigation.feature:18
Website opened: https://www.makemytrip.com/
  ✔ Given Open website "chrome"                    # cucu.Cucutest.open_website(java.lang.String)
No login popup to close or already closed
  ✔ Then Close login popup                         # cucu.Cucutest.close_login_popup()
Hotels tab clicked
  ✔ When Click Hotels                              # cucu.Cucunav.click_hotels()
Trains tab clicked
  ✔ And Click Trains                               # cucu.Cucunav.click_trains()
URL verified: https://www.makemytrip.com/railways/
  ✔ Then URL contains "railways"                   # cucu.Cucuflight.url_contains(java.lang.String)
Driver closed successfully
]]></system-out>
  </testcase>
  <testcase name="runScenario[&quot;Test 27 - Apply price filter on flight results&quot;, &quot;Filters and Sorting Tests&quot;](28)" classname="runners.TestRunner" time="33.567">
    <system-out><![CDATA[
Scenario: Test 27 - Apply price filter on flight results # src/test/resources/feature/6filters.feature:3
Website opened: https://www.makemytrip.com/
  ✔ Given Open website "chrome"                          # cucu.Cucutest.open_website(java.lang.String)
No login popup to close or already closed
  ✔ Then Close login popup                               # cucu.Cucutest.close_login_popup()
Flights tab clicked
  ✔ When Click Flights                                   # cucu.Cucutest.click_flights()
No login popup to close or already closed
From city entered: Delhi
  ✔ And Enter from "Delhi"                               # cucu.Cucuflight.enter_from(java.lang.String)
To city entered: Mumbai
  ✔ And Enter to "Mumbai"                                # cucu.Cucuflight.enter_to(java.lang.String)
Departure date selected
  ✔ And Select departure date and search                 # cucu.Cucuflight.select_departure_date_and_search()
Error applying price filter: Expected condition failed: waiting for element found by By.xpath: //label[contains(text(),'Price')] | //span[contains(text(),'Price')]//following::input[1] to be clickable, but the element was not found: org.openqa.selenium.NoSuchElementException: no such element: Unable to locate element: {"method":"xpath","selector":"//label[contains(text(),'Price')] | //span[contains(text(),'Price')]//following::input[1]"}.
(tried for 15 seconds with 500 milliseconds interval)
Build info: version: '4.40.0', revision: 'b3333f1'
System info: os.name: 'Windows 11', os.arch: 'amd64', os.version: '10.0', java.version: '25.0.2'
Driver info: org.openqa.selenium.chrome.ChromeDriver
Capabilities {acceptInsecureCerts: false, browserName: chrome, browserVersion: 144.0.7559.133, chrome: {chromedriverVersion: 144.0.7559.133 (7da823b1d59..., userDataDir: C:\Users\91936\AppData\Loca...}, fedcm:accounts: true, goog:chromeOptions: {debuggerAddress: localhost:54306}, goog:processID: 16512, networkConnectionEnabled: false, pageLoadStrategy: normal, platformName: windows, proxy: Proxy(), se:cdp: ws://localhost:54306/devtoo..., se:cdpVersion: 144.0.7559.133, setWindowRect: true, strictFileInteractability: false, timeouts: {implicit: 0, pageLoad: 300000, script: 30000}, unhandledPromptBehavior: dismiss and notify, webauthn:extension:credBlob: true, webauthn:extension:largeBlob: true, webauthn:extension:minPinLength: true, webauthn:extension:prf: true, webauthn:virtualAuthenticators: true}
Session ID: 07d87d7108b169c3a298a265274dcc22
  ✔ And Apply price filter                               # cucu.Cucufilter.apply_price_filter()
Filtered results verified
  ✔ Then Filtered results shown                          # cucu.Cucufilter.filtered_results_shown()
Driver closed successfully
]]></system-out>
  </testcase>
  <testcase name="runScenario[&quot;Test 28 - Apply rating filter on hotel results&quot;, &quot;Filters and Sorting Tests&quot;](29)" classname="runners.TestRunner" time="60.775">
    <system-out><![CDATA[
Scenario: Test 28 - Apply rating filter on hotel results # src/test/resources/feature/6filters.feature:13
Website opened: https://www.makemytrip.com/
  ✔ Given Open website "chrome"                          # cucu.Cucutest.open_website(java.lang.String)
No login popup to close or already closed
  ✔ Then Close login popup                               # cucu.Cucutest.close_login_popup()
Hotels tab clicked
  ✔ When Click Hotels                                    # cucu.Cucunav.click_hotels()
Error entering city: Expected condition failed: waiting for element found by By.xpath: //li//span[contains(text(),'Goa')] to be clickable, but the element was not found: org.openqa.selenium.NoSuchElementException: no such element: Unable to locate element: {"method":"xpath","selector":"//li//span[contains(text(),'Goa')]"}.
(tried for 5 seconds with 500 milliseconds interval)
Build info: version: '4.40.0', revision: 'b3333f1'
System info: os.name: 'Windows 11', os.arch: 'amd64', os.version: '10.0', java.version: '25.0.2'
Driver info: org.openqa.selenium.chrome.ChromeDriver
Capabilities {acceptInsecureCerts: false, browserName: chrome, browserVersion: 144.0.7559.133, chrome: {chromedriverVersion: 144.0.7559.133 (7da823b1d59..., userDataDir: C:\Users\91936\AppData\Loca...}, fedcm:accounts: true, goog:chromeOptions: {debuggerAddress: localhost:51579}, goog:processID: 23796, networkConnectionEnabled: false, pageLoadStrategy: normal, platformName: windows, proxy: Proxy(), se:cdp: ws://localhost:51579/devtoo..., se:cdpVersion: 144.0.7559.133, setWindowRect: true, strictFileInteractability: false, timeouts: {implicit: 0, pageLoad: 300000, script: 30000}, unhandledPromptBehavior: dismiss and notify, webauthn:extension:credBlob: true, webauthn:extension:largeBlob: true, webauthn:extension:minPinLength: true, webauthn:extension:prf: true, webauthn:virtualAuthenticators: true}
Session ID: 5bd2772fb327f4dda74bcb215c6e7245
  ✔ And Enter city "Goa"                                 # cucu.Cucuhotel.enter_city(java.lang.String)
Error selecting check-in: Expected condition failed: waiting for element to be clickable, but the element was not visible.
(tried for 5 seconds with 500 milliseconds interval)
Build info: version: '4.40.0', revision: 'b3333f1'
System info: os.name: 'Windows 11', os.arch: 'amd64', os.version: '10.0', java.version: '25.0.2'
Driver info: org.openqa.selenium.chrome.ChromeDriver
Capabilities {acceptInsecureCerts: false, browserName: chrome, browserVersion: 144.0.7559.133, chrome: {chromedriverVersion: 144.0.7559.133 (7da823b1d59..., userDataDir: C:\Users\91936\AppData\Loca...}, fedcm:accounts: true, goog:chromeOptions: {debuggerAddress: localhost:51579}, goog:processID: 23796, networkConnectionEnabled: false, pageLoadStrategy: normal, platformName: windows, proxy: Proxy(), se:cdp: ws://localhost:51579/devtoo..., se:cdpVersion: 144.0.7559.133, setWindowRect: true, strictFileInteractability: false, timeouts: {implicit: 0, pageLoad: 300000, script: 30000}, unhandledPromptBehavior: dismiss and notify, webauthn:extension:credBlob: true, webauthn:extension:largeBlob: true, webauthn:extension:minPinLength: true, webauthn:extension:prf: true, webauthn:virtualAuthenticators: true}
Session ID: 5bd2772fb327f4dda74bcb215c6e7245
  ✔ And Select checkin date "25"                         # cucu.Cucuhotel.select_checkin_date(java.lang.String)
Error selecting date: Expected condition failed: waiting for element found by By.xpath: //div[contains(@class,'DayPicker-Day') and @aria-disabled='false' and text()='28'] to be clickable, but the element was not found: org.openqa.selenium.NoSuchElementException: no such element: Unable to locate element: {"method":"xpath","selector":"//div[contains(@class,'DayPicker-Day') and @aria-disabled='false' and text()='28']"}.
(tried for 5 seconds with 500 milliseconds interval)
Build info: version: '4.40.0', revision: 'b3333f1'
System info: os.name: 'Windows 11', os.arch: 'amd64', os.version: '10.0', java.version: '25.0.2'
Driver info: org.openqa.selenium.chrome.ChromeDriver
Capabilities {acceptInsecureCerts: false, browserName: chrome, browserVersion: 144.0.7559.133, chrome: {chromedriverVersion: 144.0.7559.133 (7da823b1d59..., userDataDir: C:\Users\91936\AppData\Loca...}, fedcm:accounts: true, goog:chromeOptions: {debuggerAddress: localhost:51579}, goog:processID: 23796, networkConnectionEnabled: false, pageLoadStrategy: normal, platformName: windows, proxy: Proxy(), se:cdp: ws://localhost:51579/devtoo..., se:cdpVersion: 144.0.7559.133, setWindowRect: true, strictFileInteractability: false, timeouts: {implicit: 0, pageLoad: 300000, script: 30000}, unhandledPromptBehavior: dismiss and notify, webauthn:extension:credBlob: true, webauthn:extension:largeBlob: true, webauthn:extension:minPinLength: true, webauthn:extension:prf: true, webauthn:virtualAuthenticators: true}
Session ID: 5bd2772fb327f4dda74bcb215c6e7245
  ✔ And Select checkout date "28"                        # cucu.Cucuhotel.select_checkout_date(java.lang.String)
Error selecting guests: Expected condition failed: waiting for element to be clickable, but the element was not visible.
(tried for 5 seconds with 500 milliseconds interval)
Build info: version: '4.40.0', revision: 'b3333f1'
System info: os.name: 'Windows 11', os.arch: 'amd64', os.version: '10.0', java.version: '25.0.2'
Driver info: org.openqa.selenium.chrome.ChromeDriver
Capabilities {acceptInsecureCerts: false, browserName: chrome, browserVersion: 144.0.7559.133, chrome: {chromedriverVersion: 144.0.7559.133 (7da823b1d59..., userDataDir: C:\Users\91936\AppData\Loca...}, fedcm:accounts: true, goog:chromeOptions: {debuggerAddress: localhost:51579}, goog:processID: 23796, networkConnectionEnabled: false, pageLoadStrategy: normal, platformName: windows, proxy: Proxy(), se:cdp: ws://localhost:51579/devtoo..., se:cdpVersion: 144.0.7559.133, setWindowRect: true, strictFileInteractability: false, timeouts: {implicit: 0, pageLoad: 300000, script: 30000}, unhandledPromptBehavior: dismiss and notify, webauthn:extension:credBlob: true, webauthn:extension:largeBlob: true, webauthn:extension:minPinLength: true, webauthn:extension:prf: true, webauthn:virtualAuthenticators: true}
Session ID: 5bd2772fb327f4dda74bcb215c6e7245
  ✔ And Select rooms "1" adults "2"                      # cucu.Cucuhotel.select_rooms_adults(java.lang.String,java.lang.String)
Search button clicked
  ✔ And Click hotel search                               # cucu.Cucuhotel.click_hotel_search()
Error applying rating filter: Expected condition failed: waiting for element found by By.xpath: //label[contains(text(),'Rating')] | //span[contains(@class,'rating')]//input[1] to be clickable, but the element was not found: org.openqa.selenium.NoSuchElementException: no such element: Unable to locate element: {"method":"xpath","selector":"//label[contains(text(),'Rating')] | //span[contains(@class,'rating')]//input[1]"}.
(tried for 15 seconds with 500 milliseconds interval)
Build info: version: '4.40.0', revision: 'b3333f1'
System info: os.name: 'Windows 11', os.arch: 'amd64', os.version: '10.0', java.version: '25.0.2'
Driver info: org.openqa.selenium.chrome.ChromeDriver
Capabilities {acceptInsecureCerts: false, browserName: chrome, browserVersion: 144.0.7559.133, chrome: {chromedriverVersion: 144.0.7559.133 (7da823b1d59..., userDataDir: C:\Users\91936\AppData\Loca...}, fedcm:accounts: true, goog:chromeOptions: {debuggerAddress: localhost:51579}, goog:processID: 23796, networkConnectionEnabled: false, pageLoadStrategy: normal, platformName: windows, proxy: Proxy(), se:cdp: ws://localhost:51579/devtoo..., se:cdpVersion: 144.0.7559.133, setWindowRect: true, strictFileInteractability: false, timeouts: {implicit: 0, pageLoad: 300000, script: 30000}, unhandledPromptBehavior: dismiss and notify, webauthn:extension:credBlob: true, webauthn:extension:largeBlob: true, webauthn:extension:minPinLength: true, webauthn:extension:prf: true, webauthn:virtualAuthenticators: true}
Session ID: 5bd2772fb327f4dda74bcb215c6e7245
  ✔ And Apply rating filter                              # cucu.Cucufilter.apply_rating_filter()
Filtered results verified
  ✔ Then Filtered results shown                          # cucu.Cucufilter.filtered_results_shown()
Driver closed successfully
]]></system-out>
  </testcase>
  <testcase name="runScenario[&quot;Test 29 - Sort flight results by price&quot;, &quot;Filters and Sorting Tests&quot;](30)" classname="runners.TestRunner" time="34.819">
    <system-out><![CDATA[
Scenario: Test 29 - Sort flight results by price # src/test/resources/feature/6filters.feature:25
Website opened: https://www.makemytrip.com/
  ✔ Given Open website "chrome"                  # cucu.Cucutest.open_website(java.lang.String)
No login popup to close or already closed
  ✔ Then Close login popup                       # cucu.Cucutest.close_login_popup()
Flights tab clicked
  ✔ When Click Flights                           # cucu.Cucutest.click_flights()
No login popup to close or already closed
From city entered: Delhi
  ✔ And Enter from "Delhi"                       # cucu.Cucuflight.enter_from(java.lang.String)
To city entered: Mumbai
  ✔ And Enter to "Mumbai"                        # cucu.Cucuflight.enter_to(java.lang.String)
Departure date selected
  ✔ And Select departure date and search         # cucu.Cucuflight.select_departure_date_and_search()
Error sorting by price: Expected condition failed: waiting for element found by By.xpath: //span[contains(text(),'Price')] | //div[contains(text(),'Cheapest')] to be clickable, but the element was not found: org.openqa.selenium.NoSuchElementException: no such element: Unable to locate element: {"method":"xpath","selector":"//span[contains(text(),'Price')] | //div[contains(text(),'Cheapest')]"}.
(tried for 15 seconds with 500 milliseconds interval)
Build info: version: '4.40.0', revision: 'b3333f1'
System info: os.name: 'Windows 11', os.arch: 'amd64', os.version: '10.0', java.version: '25.0.2'
Driver info: org.openqa.selenium.chrome.ChromeDriver
Capabilities {acceptInsecureCerts: false, browserName: chrome, browserVersion: 144.0.7559.133, chrome: {chromedriverVersion: 144.0.7559.133 (7da823b1d59..., userDataDir: C:\Users\91936\AppData\Loca...}, fedcm:accounts: true, goog:chromeOptions: {debuggerAddress: localhost:65509}, goog:processID: 10492, networkConnectionEnabled: false, pageLoadStrategy: normal, platformName: windows, proxy: Proxy(), se:cdp: ws://localhost:65509/devtoo..., se:cdpVersion: 144.0.7559.133, setWindowRect: true, strictFileInteractability: false, timeouts: {implicit: 0, pageLoad: 300000, script: 30000}, unhandledPromptBehavior: dismiss and notify, webauthn:extension:credBlob: true, webauthn:extension:largeBlob: true, webauthn:extension:minPinLength: true, webauthn:extension:prf: true, webauthn:virtualAuthenticators: true}
Session ID: 6679f2e55660851ebab44bc7baaef048
  ✔ And Sort by price                            # cucu.Cucufilter.sort_by_price()
Sorted results verified
  ✔ Then Sorted results shown                    # cucu.Cucufilter.sorted_results_shown()
Driver closed successfully
]]></system-out>
  </testcase>
  <testcase name="runScenario[&quot;Test 30 - Clear all applied filters&quot;, &quot;Filters and Sorting Tests&quot;](31)" classname="runners.TestRunner" time="54.371">
    <system-out><![CDATA[
Scenario: Test 30 - Clear all applied filters # src/test/resources/feature/6filters.feature:35
Website opened: https://www.makemytrip.com/
  ✔ Given Open website "chrome"               # cucu.Cucutest.open_website(java.lang.String)
No login popup to close or already closed
  ✔ Then Close login popup                    # cucu.Cucutest.close_login_popup()
Flights tab clicked
  ✔ When Click Flights                        # cucu.Cucutest.click_flights()
No login popup to close or already closed
From city entered: Delhi
  ✔ And Enter from "Delhi"                    # cucu.Cucuflight.enter_from(java.lang.String)
To city entered: Mumbai
  ✔ And Enter to "Mumbai"                     # cucu.Cucuflight.enter_to(java.lang.String)
Departure date selected
  ✔ And Select departure date and search      # cucu.Cucuflight.select_departure_date_and_search()
Error applying price filter: Expected condition failed: waiting for element found by By.xpath: //label[contains(text(),'Price')] | //span[contains(text(),'Price')]//following::input[1] to be clickable, but the element was not found: org.openqa.selenium.NoSuchElementException: no such element: Unable to locate element: {"method":"xpath","selector":"//label[contains(text(),'Price')] | //span[contains(text(),'Price')]//following::input[1]"}.
(tried for 15 seconds with 500 milliseconds interval)
Build info: version: '4.40.0', revision: 'b3333f1'
System info: os.name: 'Windows 11', os.arch: 'amd64', os.version: '10.0', java.version: '25.0.2'
Driver info: org.openqa.selenium.chrome.ChromeDriver
Capabilities {acceptInsecureCerts: false, browserName: chrome, browserVersion: 144.0.7559.133, chrome: {chromedriverVersion: 144.0.7559.133 (7da823b1d59..., userDataDir: C:\Users\91936\AppData\Loca...}, fedcm:accounts: true, goog:chromeOptions: {debuggerAddress: localhost:52574}, goog:processID: 10216, networkConnectionEnabled: false, pageLoadStrategy: normal, platformName: windows, proxy: Proxy(), se:cdp: ws://localhost:52574/devtoo..., se:cdpVersion: 144.0.7559.133, setWindowRect: true, strictFileInteractability: false, timeouts: {implicit: 0, pageLoad: 300000, script: 30000}, unhandledPromptBehavior: dismiss and notify, webauthn:extension:credBlob: true, webauthn:extension:largeBlob: true, webauthn:extension:minPinLength: true, webauthn:extension:prf: true, webauthn:virtualAuthenticators: true}
Session ID: 2db25a36fa4e3cfbf537792d140862f0
  ✔ And Apply price filter                    # cucu.Cucufilter.apply_price_filter()
Error clearing filters: Expected condition failed: waiting for element found by By.xpath: //span[contains(text(),'Clear')] | //button[contains(text(),'Clear')] to be clickable, but the element was not found: org.openqa.selenium.NoSuchElementException: no such element: Unable to locate element: {"method":"xpath","selector":"//span[contains(text(),'Clear')] | //button[contains(text(),'Clear')]"}.
(tried for 15 seconds with 500 milliseconds interval)
Build info: version: '4.40.0', revision: 'b3333f1'
System info: os.name: 'Windows 11', os.arch: 'amd64', os.version: '10.0', java.version: '25.0.2'
Driver info: org.openqa.selenium.chrome.ChromeDriver
Capabilities {acceptInsecureCerts: false, browserName: chrome, browserVersion: 144.0.7559.133, chrome: {chromedriverVersion: 144.0.7559.133 (7da823b1d59..., userDataDir: C:\Users\91936\AppData\Loca...}, fedcm:accounts: true, goog:chromeOptions: {debuggerAddress: localhost:52574}, goog:processID: 10216, networkConnectionEnabled: false, pageLoadStrategy: normal, platformName: windows, proxy: Proxy(), se:cdp: ws://localhost:52574/devtoo..., se:cdpVersion: 144.0.7559.133, setWindowRect: true, strictFileInteractability: false, timeouts: {implicit: 0, pageLoad: 300000, script: 30000}, unhandledPromptBehavior: dismiss and notify, webauthn:extension:credBlob: true, webauthn:extension:largeBlob: true, webauthn:extension:minPinLength: true, webauthn:extension:prf: true, webauthn:virtualAuthenticators: true}
Session ID: 2db25a36fa4e3cfbf537792d140862f0
  ✔ And Clear all filters                     # cucu.Cucufilter.clear_all_filters()
All results verified
  ✔ Then All results shown                    # cucu.Cucufilter.all_results_shown()
Driver closed successfully
]]></system-out>
  </testcase>
  <testcase name="runScenario[&quot;Test 31 - Apply multiple filters on flight results&quot;, &quot;Filters and Sorting Tests&quot;](32)" classname="runners.TestRunner" time="53.354">
    <system-out><![CDATA[
Scenario: Test 31 - Apply multiple filters on flight results # src/test/resources/feature/6filters.feature:46
Website opened: https://www.makemytrip.com/
  ✔ Given Open website "chrome"                              # cucu.Cucutest.open_website(java.lang.String)
No login popup to close or already closed
  ✔ Then Close login popup                                   # cucu.Cucutest.close_login_popup()
Flights tab clicked
  ✔ When Click Flights                                       # cucu.Cucutest.click_flights()
No login popup to close or already closed
From city entered: Bangalore
  ✔ And Enter from "Bangalore"                               # cucu.Cucuflight.enter_from(java.lang.String)
To city entered: Chennai
  ✔ And Enter to "Chennai"                                   # cucu.Cucuflight.enter_to(java.lang.String)
Departure date selected
  ✔ And Select departure date and search                     # cucu.Cucuflight.select_departure_date_and_search()
Error applying price filter: Expected condition failed: waiting for element found by By.xpath: //label[contains(text(),'Price')] | //span[contains(text(),'Price')]//following::input[1] to be clickable, but the element was not found: org.openqa.selenium.NoSuchElementException: no such element: Unable to locate element: {"method":"xpath","selector":"//label[contains(text(),'Price')] | //span[contains(text(),'Price')]//following::input[1]"}.
(tried for 15 seconds with 500 milliseconds interval)
Build info: version: '4.40.0', revision: 'b3333f1'
System info: os.name: 'Windows 11', os.arch: 'amd64', os.version: '10.0', java.version: '25.0.2'
Driver info: org.openqa.selenium.chrome.ChromeDriver
Capabilities {acceptInsecureCerts: false, browserName: chrome, browserVersion: 144.0.7559.133, chrome: {chromedriverVersion: 144.0.7559.133 (7da823b1d59..., userDataDir: C:\Users\91936\AppData\Loca...}, fedcm:accounts: true, goog:chromeOptions: {debuggerAddress: localhost:50927}, goog:processID: 19560, networkConnectionEnabled: false, pageLoadStrategy: normal, platformName: windows, proxy: Proxy(), se:cdp: ws://localhost:50927/devtoo..., se:cdpVersion: 144.0.7559.133, setWindowRect: true, strictFileInteractability: false, timeouts: {implicit: 0, pageLoad: 300000, script: 30000}, unhandledPromptBehavior: dismiss and notify, webauthn:extension:credBlob: true, webauthn:extension:largeBlob: true, webauthn:extension:minPinLength: true, webauthn:extension:prf: true, webauthn:virtualAuthenticators: true}
Session ID: 67d9b8a65d907988d8a93b3ec4cb7119
  ✔ And Apply price filter                                   # cucu.Cucufilter.apply_price_filter()
Error sorting by price: Expected condition failed: waiting for element found by By.xpath: //span[contains(text(),'Price')] | //div[contains(text(),'Cheapest')] to be clickable, but the element was not found: org.openqa.selenium.NoSuchElementException: no such element: Unable to locate element: {"method":"xpath","selector":"//span[contains(text(),'Price')] | //div[contains(text(),'Cheapest')]"}.
(tried for 15 seconds with 500 milliseconds interval)
Build info: version: '4.40.0', revision: 'b3333f1'
System info: os.name: 'Windows 11', os.arch: 'amd64', os.version: '10.0', java.version: '25.0.2'
Driver info: org.openqa.selenium.chrome.ChromeDriver
Capabilities {acceptInsecureCerts: false, browserName: chrome, browserVersion: 144.0.7559.133, chrome: {chromedriverVersion: 144.0.7559.133 (7da823b1d59..., userDataDir: C:\Users\91936\AppData\Loca...}, fedcm:accounts: true, goog:chromeOptions: {debuggerAddress: localhost:50927}, goog:processID: 19560, networkConnectionEnabled: false, pageLoadStrategy: normal, platformName: windows, proxy: Proxy(), se:cdp: ws://localhost:50927/devtoo..., se:cdpVersion: 144.0.7559.133, setWindowRect: true, strictFileInteractability: false, timeouts: {implicit: 0, pageLoad: 300000, script: 30000}, unhandledPromptBehavior: dismiss and notify, webauthn:extension:credBlob: true, webauthn:extension:largeBlob: true, webauthn:extension:minPinLength: true, webauthn:extension:prf: true, webauthn:virtualAuthenticators: true}
Session ID: 67d9b8a65d907988d8a93b3ec4cb7119
  ✔ And Sort by price                                        # cucu.Cucufilter.sort_by_price()
Filtered results verified
  ✔ Then Filtered results shown                              # cucu.Cucufilter.filtered_results_shown()
Driver closed successfully
]]></system-out>
  </testcase>
  <testcase name="runScenario[&quot;Test 23 - Verify flight results are displayed&quot;, &quot;Flight Results Page Tests&quot;](33)" classname="runners.TestRunner" time="12.649">
    <system-out><![CDATA[
Scenario: Test 23 - Verify flight results are displayed # src/test/resources/feature/7results.feature:11
Website opened: https://www.makemytrip.com/
  ✔ Given Open website "chrome"                         # cucu.Cucutest.open_website(java.lang.String)
No login popup to close or already closed
  ✔ Then Close login popup                              # cucu.Cucutest.close_login_popup()
Flights tab clicked
  ✔ When Click Flights                                  # cucu.Cucutest.click_flights()
No login popup to close or already closed
From city entered: Delhi
  ✔ And Enter from "Delhi"                              # cucu.Cucuflight.enter_from(java.lang.String)
To city entered: Mumbai
  ✔ And Enter to "Mumbai"                               # cucu.Cucuflight.enter_to(java.lang.String)
Departure date selected
  ✔ And Select departure date and search                # cucu.Cucuflight.select_departure_date_and_search()
Flight list verified
  ✔ Then Flight list displayed                          # cucu.Cucuflight.flight_list_displayed()
Driver closed successfully
]]></system-out>
  </testcase>
  <testcase name="runScenario[&quot;Test 24 - Open flight details page&quot;, &quot;Flight Results Page Tests&quot;](34)" classname="runners.TestRunner" time="34.149">
    <system-out><![CDATA[
Scenario: Test 24 - Open flight details page # src/test/resources/feature/7results.feature:14
Website opened: https://www.makemytrip.com/
  ✔ Given Open website "chrome"              # cucu.Cucutest.open_website(java.lang.String)
No login popup to close or already closed
  ✔ Then Close login popup                   # cucu.Cucutest.close_login_popup()
Flights tab clicked
  ✔ When Click Flights                       # cucu.Cucutest.click_flights()
No login popup to close or already closed
From city entered: Delhi
  ✔ And Enter from "Delhi"                   # cucu.Cucuflight.enter_from(java.lang.String)
To city entered: Mumbai
  ✔ And Enter to "Mumbai"                    # cucu.Cucuflight.enter_to(java.lang.String)
Departure date selected
  ✔ And Select departure date and search     # cucu.Cucuflight.select_departure_date_and_search()
Error clicking first flight: Expected condition failed: waiting for element to be clickable, but the element was not found: org.openqa.selenium.NoSuchElementException: no such element: Unable to locate element: {"method":"xpath","selector":"(//div[contains(@class,'fliListCard')])[1]"}.
(tried for 15 seconds with 500 milliseconds interval)
Build info: version: '4.40.0', revision: 'b3333f1'
System info: os.name: 'Windows 11', os.arch: 'amd64', os.version: '10.0', java.version: '25.0.2'
Driver info: org.openqa.selenium.chrome.ChromeDriver
Capabilities {acceptInsecureCerts: false, browserName: chrome, browserVersion: 144.0.7559.133, chrome: {chromedriverVersion: 144.0.7559.133 (7da823b1d59..., userDataDir: C:\Users\91936\AppData\Loca...}, fedcm:accounts: true, goog:chromeOptions: {debuggerAddress: localhost:60964}, goog:processID: 6268, networkConnectionEnabled: false, pageLoadStrategy: normal, platformName: windows, proxy: Proxy(), se:cdp: ws://localhost:60964/devtoo..., se:cdpVersion: 144.0.7559.133, setWindowRect: true, strictFileInteractability: false, timeouts: {implicit: 0, pageLoad: 300000, script: 30000}, unhandledPromptBehavior: dismiss and notify, webauthn:extension:credBlob: true, webauthn:extension:largeBlob: true, webauthn:extension:minPinLength: true, webauthn:extension:prf: true, webauthn:virtualAuthenticators: true}
Session ID: 61a07a06e56476373c104011d25f9dff
  ✔ When Click first flight                  # cucu.CucuResult.click_first_flight()
Flight details page verified
  ✔ Then Flight details page shown           # cucu.CucuResult.flight_details_page_shown()
Driver closed successfully
]]></system-out>
  </testcase>
  <testcase name="runScenario[&quot;Test 25 - Verify fare details are displayed&quot;, &quot;Flight Results Page Tests&quot;](35)" classname="runners.TestRunner" time="11.869">
    <system-out><![CDATA[
Scenario: Test 25 - Verify fare details are displayed # src/test/resources/feature/7results.feature:18
Website opened: https://www.makemytrip.com/
  ✔ Given Open website "chrome"                       # cucu.Cucutest.open_website(java.lang.String)
No login popup to close or already closed
  ✔ Then Close login popup                            # cucu.Cucutest.close_login_popup()
Flights tab clicked
  ✔ When Click Flights                                # cucu.Cucutest.click_flights()
No login popup to close or already closed
From city entered: Delhi
  ✔ And Enter from "Delhi"                            # cucu.Cucuflight.enter_from(java.lang.String)
To city entered: Mumbai
  ✔ And Enter to "Mumbai"                             # cucu.Cucuflight.enter_to(java.lang.String)
Departure date selected
  ✔ And Select departure date and search              # cucu.Cucuflight.select_departure_date_and_search()
Fare details verified
  ✔ Then Fare details shown                           # cucu.CucuResult.fare_details_shown()
Driver closed successfully
]]></system-out>
  </testcase>
  <testcase name="runScenario[&quot;Test 26 - Verify results page URL contains flight&quot;, &quot;Flight Results Page Tests&quot;](36)" classname="runners.TestRunner" time="11.96">
    <system-out><![CDATA[
Scenario: Test 26 - Verify results page URL contains flight # src/test/resources/feature/7results.feature:21
Website opened: https://www.makemytrip.com/
  ✔ Given Open website "chrome"                             # cucu.Cucutest.open_website(java.lang.String)
No login popup to close or already closed
  ✔ Then Close login popup                                  # cucu.Cucutest.close_login_popup()
Flights tab clicked
  ✔ When Click Flights                                      # cucu.Cucutest.click_flights()
No login popup to close or already closed
From city entered: Delhi
  ✔ And Enter from "Delhi"                                  # cucu.Cucuflight.enter_from(java.lang.String)
To city entered: Mumbai
  ✔ And Enter to "Mumbai"                                   # cucu.Cucuflight.enter_to(java.lang.String)
Departure date selected
  ✔ And Select departure date and search                    # cucu.Cucuflight.select_departure_date_and_search()
URL verified: https://www.makemytrip.com/
  ✔ Then URL contains "www.makemytrip.com"                  # cucu.Cucuflight.url_contains(java.lang.String)
Driver closed successfully
]]></system-out>
  </testcase>
</testsuite>