<?xml version="1.0" encoding="UTF-8"?>
<!-- Generated by org.testng.reporters.JUnitReportReporter -->
<testsuite hostname="Bluerose" failures="0" tests="36" name="runners.TestRunner" time="936.122" errors="0" timestamp="2026-02-12T16:53:02 IST" skipped="0">
  <testcase classname="runners.TestRunner" name="runScenario" time="50.842"/>
  <system-out/>
  <testcase classname="runners.TestRunner" name="runScenario" time="8.013"/>
  <system-out/>
  <testcase classname="runners.TestRunner" name="runScenario" time="7.974"/>
  <system-out/>
  <testcase classname="runners.TestRunner" name="runScenario" time="8.379"/>
  <system-out/>
  <testcase classname="runners.TestRunner" name="runScenario" time="19.363"/>
  <system-out/>
  <testcase classname="runners.TestRunner" name="runScenario" time="11.958"/>
  <system-out/>
  <testcase classname="runners.TestRunner" name="runScenario" time="40.429"/>
  <system-out/>
  <testcase classname="runners.TestRunner" name="runScenario" time="14.314"/>
  <system-out/>
  <testcase classname="runners.TestRunner" name="runScenario" time="7.155"/>
  <system-out/>
  <testcase classname="runners.TestRunner" name="runScenario" time="12.648"/>
  <system-out/>
  <testcase classname="runners.TestRunner" name="runScenario" time="34.819"/>
  <system-out/>
  <testcase classname="runners.TestRunner" name="runScenario" time="6.868"/>
  <system-out/>
  <testcase classname="runners.TestRunner" name="runScenario" time="20.757"/>
  <system-out/>
  <testcase classname="runners.TestRunner" name="runScenario" time="6.529"/>
  <system-out/>
  <testcase classname="runners.TestRunner" name="runScenario" time="13.451"/>
  <system-out/>
  <testcase classname="runners.TestRunner" name="runScenario" time="50.747"/>
  <system-out/>
  <testcase classname="runners.TestRunner" name="runScenario" time="8.085"/>
  <system-out/>
  <testcase classname="runners.TestRunner" name="runScenario" time="54.371"/>
  <system-out/>
  <testcase classname="runners.TestRunner" name="runScenario" time="11.868"/>
  <system-out/>
  <testcase classname="runners.TestRunner" name="runScenario" time="8.403"/>
  <system-out/>
  <testcase classname="runners.TestRunner" name="runScenario" time="40.654"/>
  <system-out/>
  <testcase classname="runners.TestRunner" name="runScenario" time="60.773"/>
  <system-out/>
  <testcase classname="runners.TestRunner" name="runScenario" time="51.218"/>
  <system-out/>
  <testcase classname="runners.TestRunner" name="runScenario" time="18.222"/>
  <system-out/>
  <testcase classname="runners.TestRunner" name="runScenario" time="53.355"/>
  <system-out/>
  <testcase classname="runners.TestRunner" name="runScenario" time="7.791"/>
  <system-out/>
  <testcase classname="runners.TestRunner" name="runScenario" time="17.351"/>
  <system-out/>
  <testcase classname="runners.TestRunner" name="runScenario" time="14.803"/>
  <system-out/>
  <testcase classname="runners.TestRunner" name="runScenario" time="51.554"/>
  <system-out/>
  <testcase classname="runners.TestRunner" name="runScenario" time="7.219"/>
  <system-out/>
  <testcase classname="runners.TestRunner" name="runScenario" time="39.346"/>
  <system-out/>
  <testcase classname="runners.TestRunner" name="runScenario" time="53.280"/>
  <system-out/>
  <testcase classname="runners.TestRunner" name="runScenario" time="33.566"/>
  <system-out/>
  <testcase classname="runners.TestRunner" name="runScenario" time="34.149"/>
  <system-out/>
  <testcase classname="runners.TestRunner" name="runScenario" time="42.377"/>
  <system-out/>
  <testcase classname="runners.TestRunner" name="runScenario" time="13.491"/>
  <system-out/>
</testsuite> <!-- runners.TestRunner -->
